<?xml version="1.0" encoding="UTF-8"?>
<coverage generated="1787338865800" clover="3.2.0">
  <project timestamp="1787338865800" name="All files">
    <metrics statements="265" coveredstatements="234" conditionals="211" coveredconditionals="169" methods="55" coveredmethods="51" elements="531" coveredelements="454" complexity="0" loc="265" ncloc="265" packages="4" files="9" classes="9"/>
    <package name="src">
      <metrics statements="37" coveredstatements="30" conditionals="28" coveredconditionals="20" methods="9" coveredmethods="8"/>
      <file name="scheduler.ts" path="C:\tool\opencode\dcl_X_content_factory\src\scheduler.ts">
        <metrics statements="37" coveredstatements="30" conditionals="28" coveredconditionals="20" methods="9" coveredmethods="8"/>
        <line num="6" count="1" type="stmt"/>
        <line num="7" count="1" type="stmt"/>
        <line num="8" count="1" type="stmt"/>
        <line num="29" count="1" type="stmt"/>
        <line num="42" count="1" type="cond" truecount="1" falsecount="1"/>
        <line num="43" count="0" type="stmt"/>
        <line num="44" count="0" type="stmt"/>
        <line num="45" count="0" type="stmt"/>
        <line num="47" count="0" type="stmt"/>
        <line num="52" count="0" type="stmt"/>
        <line num="67" count="8" type="cond" truecount="1" falsecount="2"/>
        <line num="68" count="8" type="stmt"/>
        <line num="69" count="8" type="stmt"/>
        <line num="70" count="8" type="stmt"/>
        <line num="72" count="8" type="stmt"/>
        <line num="73" count="16" type="cond" truecount="2" falsecount="0"/>
        <line num="75" count="7" type="stmt"/>
        <line num="76" count="7" type="cond" truecount="2" falsecount="0"/>
        <line num="77" count="4" type="cond" truecount="2" falsecount="0"/>
        <line num="78" count="3" type="stmt"/>
        <line num="79" count="3" type="cond" truecount="4" falsecount="0"/>
        <line num="81" count="2" type="stmt"/>
        <line num="83" count="7" type="cond" truecount="2" falsecount="0"/>
        <line num="84" count="5" type="cond" truecount="1" falsecount="1"/>
        <line num="87" count="16" type="stmt"/>
        <line num="88" count="16" type="stmt"/>
        <line num="90" count="8" type="stmt"/>
        <line num="95" count="8" type="cond" truecount="1" falsecount="1"/>
        <line num="96" count="8" type="stmt"/>
        <line num="97" count="8" type="stmt"/>
        <line num="103" count="8" type="cond" truecount="1" falsecount="1"/>
        <line num="105" count="0" type="stmt"/>
        <line num="111" count="8" type="cond" truecount="1" falsecount="1"/>
        <line num="112" count="8" type="stmt"/>
        <line num="113" count="8" type="stmt"/>
        <line num="119" count="24" type="cond" truecount="1" falsecount="1"/>
        <line num="121" count="0" type="stmt"/>
      </file>
    </package>
    <package name="src.content">
      <metrics statements="142" coveredstatements="122" conditionals="99" coveredconditionals="78" methods="30" coveredmethods="29"/>
      <file name="generator.ts" path="C:\tool\opencode\dcl_X_content_factory\src\content\generator.ts">
        <metrics statements="46" coveredstatements="41" conditionals="32" coveredconditionals="28" methods="8" coveredmethods="8"/>
        <line num="24" count="10" type="stmt"/>
        <line num="25" count="10" type="stmt"/>
        <line num="29" count="10" type="stmt"/>
        <line num="30" count="10" type="cond" truecount="2" falsecount="0"/>
        <line num="32" count="9" type="cond" truecount="2" falsecount="0"/>
        <line num="33" count="8" type="stmt"/>
        <line num="34" count="8" type="stmt"/>
        <line num="35" count="4" type="cond" truecount="4" falsecount="0"/>
        <line num="36" count="1" type="stmt"/>
        <line num="38" count="3" type="stmt"/>
        <line num="40" count="5" type="stmt"/>
        <line num="44" count="6" type="stmt"/>
        <line num="45" count="6" type="cond" truecount="1" falsecount="1"/>
        <line num="46" count="6" type="stmt"/>
        <line num="47" count="6" type="stmt"/>
        <line num="50" count="0" type="stmt"/>
        <line num="51" count="0" type="stmt"/>
        <line num="52" count="0" type="stmt"/>
        <line num="56" count="3" type="stmt"/>
        <line num="57" count="3" type="stmt"/>
        <line num="58" count="3" type="stmt"/>
        <line num="67" count="8" type="stmt"/>
        <line num="69" count="8" type="cond" truecount="2" falsecount="0"/>
        <line num="74" count="8" type="cond" truecount="2" falsecount="0"/>
        <line num="75" count="5" type="stmt"/>
        <line num="77" count="3" type="cond" truecount="2" falsecount="0"/>
        <line num="78" count="2" type="stmt"/>
        <line num="80" count="1" type="stmt"/>
        <line num="84" count="5" type="stmt"/>
        <line num="85" count="5" type="cond" truecount="2" falsecount="0"/>
        <line num="86" count="4" type="cond" truecount="1" falsecount="1"/>
        <line num="87" count="0" type="stmt"/>
        <line num="89" count="4" type="stmt"/>
        <line num="100" count="4" type="cond" truecount="2" falsecount="0"/>
        <line num="101" count="1" type="stmt"/>
        <line num="103" count="3" type="stmt"/>
        <line num="106" count="3" type="cond" truecount="2" falsecount="0"/>
        <line num="110" count="2" type="stmt"/>
        <line num="111" count="2" type="cond" truecount="2" falsecount="0"/>
        <line num="112" count="1" type="stmt"/>
        <line num="125" count="1" type="cond" truecount="1" falsecount="1"/>
        <line num="126" count="0" type="stmt"/>
        <line num="128" count="1" type="stmt"/>
        <line num="131" count="1" type="cond" truecount="1" falsecount="1"/>
        <line num="136" count="3" type="cond" truecount="2" falsecount="0"/>
        <line num="137" count="3" type="stmt"/>
      </file>
      <file name="pool.ts" path="C:\tool\opencode\dcl_X_content_factory\src\content\pool.ts">
        <metrics statements="47" coveredstatements="34" conditionals="30" coveredconditionals="18" methods="11" coveredmethods="10"/>
        <line num="7" count="2" type="stmt"/>
        <line num="8" count="2" type="stmt"/>
        <line num="9" count="2" type="stmt"/>
        <line num="10" count="2" type="stmt"/>
        <line num="11" count="2" type="stmt"/>
        <line num="34" count="14" type="stmt"/>
        <line num="35" count="14" type="stmt"/>
        <line num="38" count="14" type="stmt"/>
        <line num="39" count="14" type="stmt"/>
        <line num="43" count="14" type="cond" truecount="1" falsecount="1"/>
        <line num="44" count="0" type="stmt"/>
        <line num="45" count="0" type="stmt"/>
        <line num="47" count="14" type="stmt"/>
        <line num="48" count="14" type="stmt"/>
        <line num="49" count="14" type="cond" truecount="1" falsecount="1"/>
        <line num="51" count="0" type="stmt"/>
        <line num="52" count="0" type="stmt"/>
        <line num="57" count="14" type="cond" truecount="2" falsecount="0"/>
        <line num="58" count="8" type="stmt"/>
        <line num="59" count="8" type="stmt"/>
        <line num="62" count="8" type="cond" truecount="1" falsecount="1"/>
        <line num="69" count="6" type="cond" truecount="1" falsecount="1"/>
        <line num="70" count="6" type="stmt"/>
        <line num="78" count="1" type="stmt"/>
        <line num="86" count="8" type="cond" truecount="1" falsecount="1"/>
        <line num="88" count="8" type="cond" truecount="1" falsecount="1"/>
        <line num="89" count="8" type="stmt"/>
        <line num="90" count="76" type="stmt"/>
        <line num="91" count="306" type="cond" truecount="1" falsecount="1"/>
        <line num="93" count="8" type="cond" truecount="2" falsecount="0"/>
        <line num="96" count="6" type="stmt"/>
        <line num="97" count="6" type="stmt"/>
        <line num="98" count="6" type="stmt"/>
        <line num="103" count="7" type="stmt"/>
        <line num="104" count="7" type="cond" truecount="2" falsecount="0"/>
        <line num="105" count="7" type="stmt"/>
        <line num="117" count="7" type="cond" truecount="1" falsecount="1"/>
        <line num="118" count="7" type="stmt"/>
        <line num="126" count="0" type="cond" truecount="0" falsecount="2"/>
        <line num="127" count="0" type="stmt"/>
        <line num="129" count="0" type="stmt"/>
        <line num="131" count="0" type="stmt"/>
        <line num="132" count="0" type="cond" truecount="0" falsecount="2"/>
        <line num="133" count="0" type="stmt"/>
        <line num="135" count="0" type="stmt"/>
        <line num="136" count="0" type="stmt"/>
        <line num="137" count="0" type="stmt"/>
      </file>
      <file name="templates.ts" path="C:\tool\opencode\dcl_X_content_factory\src\content\templates.ts">
        <metrics statements="6" coveredstatements="6" conditionals="2" coveredconditionals="2" methods="3" coveredmethods="3"/>
        <line num="11" count="2" type="stmt"/>
        <line num="46" count="7" type="stmt"/>
        <line num="47" count="22" type="stmt"/>
        <line num="48" count="8" type="cond" truecount="2" falsecount="0"/>
        <line num="50" count="1" type="stmt"/>
        <line num="55" count="3" type="stmt"/>
      </file>
      <file name="text.ts" path="C:\tool\opencode\dcl_X_content_factory\src\content\text.ts">
        <metrics statements="7" coveredstatements="7" conditionals="6" coveredconditionals="6" methods="2" coveredmethods="2"/>
        <line num="8" count="6" type="stmt"/>
        <line num="9" count="6" type="cond" truecount="2" falsecount="0"/>
        <line num="11" count="5" type="stmt"/>
        <line num="12" count="5" type="cond" truecount="2" falsecount="0"/>
        <line num="13" count="7" type="stmt"/>
        <line num="15" count="6" type="cond" truecount="2" falsecount="0"/>
        <line num="16" count="4" type="stmt"/>
      </file>
      <file name="yandexArt.ts" path="C:\tool\opencode\dcl_X_content_factory\src\content\yandexArt.ts">
        <metrics statements="36" coveredstatements="34" conditionals="29" coveredconditionals="24" methods="6" coveredmethods="6"/>
        <line num="6" count="1" type="stmt"/>
        <line num="7" count="1" type="stmt"/>
        <line num="21" count="7" type="stmt"/>
        <line num="24" count="11" type="stmt"/>
        <line num="25" count="11" type="cond" truecount="1" falsecount="1"/>
        <line num="26" count="11" type="stmt"/>
        <line num="30" count="13" type="stmt"/>
        <line num="31" count="13" type="cond" truecount="2" falsecount="0"/>
        <line num="32" count="12" type="stmt"/>
        <line num="36" count="7" type="stmt"/>
        <line num="37" count="7" type="cond" truecount="2" falsecount="0"/>
        <line num="42" count="7" type="cond" truecount="2" falsecount="0"/>
        <line num="43" count="14" type="cond" truecount="1" falsecount="1"/>
        <line num="45" count="7" type="stmt"/>
        <line num="46" count="7" type="cond" truecount="2" falsecount="0"/>
        <line num="47" count="1" type="stmt"/>
        <line num="50" count="7" type="stmt"/>
        <line num="55" count="7" type="stmt"/>
        <line num="68" count="6" type="stmt"/>
        <line num="69" count="6" type="cond" truecount="4" falsecount="0"/>
        <line num="70" count="1" type="cond" truecount="1" falsecount="1"/>
        <line num="72" count="5" type="stmt"/>
        <line num="75" count="5" type="stmt"/>
        <line num="76" count="5" type="stmt"/>
        <line num="77" count="5" type="stmt"/>
        <line num="79" count="5" type="stmt"/>
        <line num="82" count="5" type="stmt"/>
        <line num="87" count="5" type="cond" truecount="2" falsecount="0"/>
        <line num="88" count="1" type="cond" truecount="1" falsecount="1"/>
        <line num="90" count="4" type="cond" truecount="1" falsecount="1"/>
        <line num="91" count="4" type="stmt"/>
        <line num="92" count="4" type="cond" truecount="2" falsecount="0"/>
        <line num="93" count="3" type="stmt"/>
        <line num="94" count="3" type="stmt"/>
        <line num="96" count="0" type="stmt"/>
        <line num="99" count="0" type="stmt"/>
      </file>
    </package>
    <package name="src.metrics">
      <metrics statements="72" coveredstatements="70" conditionals="74" coveredconditionals="64" methods="9" coveredmethods="9"/>
      <file name="collector.ts" path="C:\tool\opencode\dcl_X_content_factory\src\metrics\collector.ts">
        <metrics statements="40" coveredstatements="38" conditionals="32" coveredconditionals="27" methods="5" coveredmethods="5"/>
        <line num="17" count="1" type="stmt"/>
        <line num="26" count="6" type="stmt"/>
        <line num="29" count="6" type="stmt"/>
        <line num="31" count="6" type="stmt"/>
        <line num="32" count="6" type="stmt"/>
        <line num="33" count="6" type="stmt"/>
        <line num="35" count="6" type="stmt"/>
        <line num="39" count="6" type="stmt"/>
        <line num="40" count="6" type="stmt"/>
        <line num="44" count="6" type="stmt"/>
        <line num="45" count="6" type="stmt"/>
        <line num="51" count="6" type="stmt"/>
        <line num="56" count="6" type="cond" truecount="5" falsecount="1"/>
        <line num="57" count="0" type="cond" truecount="0" falsecount="2"/>
        <line num="59" count="6" type="stmt"/>
        <line num="61" count="0" type="stmt"/>
        <line num="66" count="6" type="stmt"/>
        <line num="67" count="6" type="stmt"/>
        <line num="68" count="6" type="cond" truecount="4" falsecount="0"/>
        <line num="69" count="5" type="stmt"/>
        <line num="71" count="5" type="stmt"/>
        <line num="73" count="5" type="stmt"/>
        <line num="74" count="5" type="stmt"/>
        <line num="78" count="4" type="cond" truecount="4" falsecount="0"/>
        <line num="79" count="2" type="cond" truecount="2" falsecount="0"/>
        <line num="81" count="2" type="cond" truecount="1" falsecount="1"/>
        <line num="82" count="6" type="cond" truecount="1" falsecount="1"/>
        <line num="83" count="6" type="stmt"/>
        <line num="85" count="3" type="stmt"/>
        <line num="90" count="6" type="stmt"/>
        <line num="91" count="6" type="stmt"/>
        <line num="92" count="6" type="cond" truecount="4" falsecount="0"/>
        <line num="93" count="5" type="stmt"/>
        <line num="95" count="5" type="stmt"/>
        <line num="97" count="5" type="stmt"/>
        <line num="98" count="5" type="stmt"/>
        <line num="103" count="4" type="cond" truecount="4" falsecount="0"/>
        <line num="104" count="2" type="cond" truecount="2" falsecount="0"/>
        <line num="106" count="2" type="stmt"/>
        <line num="111" count="3" type="stmt"/>
      </file>
      <file name="report.ts" path="C:\tool\opencode\dcl_X_content_factory\src\metrics\report.ts">
        <metrics statements="32" coveredstatements="32" conditionals="42" coveredconditionals="37" methods="4" coveredmethods="4"/>
        <line num="5" count="10" type="cond" truecount="1" falsecount="1"/>
        <line num="9" count="10" type="cond" truecount="1" falsecount="1"/>
        <line num="10" count="10" type="cond" truecount="2" falsecount="0"/>
        <line num="11" count="6" type="stmt"/>
        <line num="12" count="6" type="cond" truecount="2" falsecount="0"/>
        <line num="13" count="3" type="cond" truecount="1" falsecount="1"/>
        <line num="14" count="10" type="cond" truecount="1" falsecount="1"/>
        <line num="15" count="10" type="stmt"/>
        <line num="18" count="1" type="stmt"/>
        <line num="25" count="4" type="stmt"/>
        <line num="26" count="4" type="cond" truecount="2" falsecount="0"/>
        <line num="27" count="4" type="cond" truecount="2" falsecount="0"/>
        <line num="28" count="4" type="cond" truecount="2" falsecount="0"/>
        <line num="29" count="4" type="cond" truecount="2" falsecount="0"/>
        <line num="30" count="4" type="cond" truecount="2" falsecount="0"/>
        <line num="31" count="4" type="cond" truecount="1" falsecount="1"/>
        <line num="32" count="4" type="cond" truecount="2" falsecount="0"/>
        <line num="33" count="4" type="stmt"/>
        <line num="42" count="8" type="stmt"/>
        <line num="43" count="8" type="stmt"/>
        <line num="45" count="8" type="stmt"/>
        <line num="50" count="8" type="cond" truecount="2" falsecount="0"/>
        <line num="51" count="7" type="stmt"/>
        <line num="58" count="8" type="cond" truecount="2" falsecount="0"/>
        <line num="59" count="1" type="stmt"/>
        <line num="66" count="8" type="cond" truecount="2" falsecount="0"/>
        <line num="67" count="2" type="stmt"/>
        <line num="78" count="8" type="cond" truecount="5" falsecount="0"/>
        <line num="79" count="1" type="stmt"/>
        <line num="82" count="8" type="cond" truecount="2" falsecount="0"/>
        <line num="83" count="3" type="stmt"/>
        <line num="86" count="8" type="stmt"/>
      </file>
    </package>
    <package name="src.utils">
      <metrics statements="14" coveredstatements="12" conditionals="10" coveredconditionals="7" methods="7" coveredmethods="5"/>
      <file name="logger.ts" path="C:\tool\opencode\dcl_X_content_factory\src\utils\logger.ts">
        <metrics statements="14" coveredstatements="12" conditionals="10" coveredconditionals="7" methods="7" coveredmethods="5"/>
        <line num="1" count="4" type="stmt"/>
        <line num="4" count="4" type="cond" truecount="2" falsecount="0"/>
        <line num="7" count="32" type="stmt"/>
        <line num="11" count="32" type="cond" truecount="2" falsecount="0"/>
        <line num="12" count="11" type="stmt"/>
        <line num="14" count="21" type="stmt"/>
        <line num="18" count="32" type="cond" truecount="1" falsecount="1"/>
        <line num="19" count="32" type="cond" truecount="1" falsecount="1"/>
        <line num="20" count="32" type="cond" truecount="1" falsecount="1"/>
        <line num="23" count="4" type="stmt"/>
        <line num="24" count="0" type="stmt"/>
        <line num="25" count="21" type="stmt"/>
        <line num="26" count="11" type="stmt"/>
        <line num="27" count="0" type="stmt"/>
      </file>
    </package>
  </project>
</coverage>
