{"C:\\tool\\opencode\\dcl_X_content_factory\\src\\scheduler.ts": {"path":"C:\\tool\\opencode\\dcl_X_content_factory\\src\\scheduler.ts","statementMap":{"0":{"start":{"line":6,"column":18},"end":{"line":6,"column":null}},"1":{"start":{"line":7,"column":13},"end":{"line":7,"column":null}},"2":{"start":{"line":8,"column":22},"end":{"line":8,"column":null}},"3":{"start":{"line":29,"column":2},"end":{"line":38,"column":null}},"4":{"start":{"line":42,"column":2},"end":{"line":42,"column":null}},"5":{"start":{"line":42,"column":34},"end":{"line":42,"column":null}},"6":{"start":{"line":43,"column":2},"end":{"line":48,"column":null}},"7":{"start":{"line":44,"column":16},"end":{"line":44,"column":null}},"8":{"start":{"line":45,"column":4},"end":{"line":45,"column":null}},"9":{"start":{"line":47,"column":4},"end":{"line":47,"column":null}},"10":{"start":{"line":52,"column":2},"end":{"line":52,"column":null}},"11":{"start":{"line":67,"column":13},"end":{"line":67,"column":null}},"12":{"start":{"line":68,"column":12},"end":{"line":68,"column":null}},"13":{"start":{"line":69,"column":12},"end":{"line":69,"column":null}},"14":{"start":{"line":70,"column":60},"end":{"line":70,"column":null}},"15":{"start":{"line":72,"column":2},"end":{"line":89,"column":null}},"16":{"start":{"line":73,"column":4},"end":{"line":73,"column":null}},"17":{"start":{"line":73,"column":34},"end":{"line":73,"column":null}},"18":{"start":{"line":75,"column":24},"end":{"line":82,"column":null}},"19":{"start":{"line":76,"column":6},"end":{"line":76,"column":null}},"20":{"start":{"line":76,"column":21},"end":{"line":76,"column":null}},"21":{"start":{"line":77,"column":6},"end":{"line":80,"column":null}},"22":{"start":{"line":78,"column":22},"end":{"line":78,"column":null}},"23":{"start":{"line":79,"column":8},"end":{"line":79,"column":null}},"24":{"start":{"line":79,"column":50},"end":{"line":79,"column":null}},"25":{"start":{"line":81,"column":6},"end":{"line":81,"column":null}},"26":{"start":{"line":83,"column":4},"end":{"line":83,"column":null}},"27":{"start":{"line":83,"column":22},"end":{"line":83,"column":null}},"28":{"start":{"line":84,"column":19},"end":{"line":86,"column":null}},"29":{"start":{"line":87,"column":18},"end":{"line":87,"column":null}},"30":{"start":{"line":88,"column":4},"end":{"line":88,"column":null}},"31":{"start":{"line":90,"column":2},"end":{"line":90,"column":null}},"32":{"start":{"line":95,"column":2},"end":{"line":95,"column":null}},"33":{"start":{"line":95,"column":11},"end":{"line":95,"column":null}},"34":{"start":{"line":96,"column":2},"end":{"line":106,"column":null}},"35":{"start":{"line":97,"column":18},"end":{"line":102,"column":null}},"36":{"start":{"line":103,"column":4},"end":{"line":103,"column":null}},"37":{"start":{"line":103,"column":36},"end":{"line":103,"column":53}},"38":{"start":{"line":105,"column":4},"end":{"line":105,"column":null}},"39":{"start":{"line":111,"column":2},"end":{"line":111,"column":null}},"40":{"start":{"line":111,"column":11},"end":{"line":111,"column":null}},"41":{"start":{"line":112,"column":2},"end":{"line":122,"column":null}},"42":{"start":{"line":113,"column":18},"end":{"line":118,"column":null}},"43":{"start":{"line":119,"column":4},"end":{"line":119,"column":null}},"44":{"start":{"line":119,"column":36},"end":{"line":119,"column":55}},"45":{"start":{"line":121,"column":4},"end":{"line":121,"column":null}}},"fnMap":{"0":{"name":"defaultSchedule","decl":{"start":{"line":28,"column":9},"end":{"line":28,"column":41}},"loc":{"start":{"line":28,"column":41},"end":{"line":39,"column":null}},"line":28},"1":{"name":"loadSchedule","decl":{"start":{"line":41,"column":16},"end":{"line":41,"column":45}},"loc":{"start":{"line":41,"column":45},"end":{"line":49,"column":null}},"line":41},"2":{"name":"getSchedulePath","decl":{"start":{"line":51,"column":16},"end":{"line":51,"column":42}},"loc":{"start":{"line":51,"column":42},"end":{"line":53,"column":null}},"line":51},"3":{"name":"entriesAt","decl":{"start":{"line":61,"column":16},"end":{"line":61,"column":null}},"loc":{"start":{"line":66,"column":45},"end":{"line":91,"column":null}},"line":66},"4":{"name":"(anonymous_4)","decl":{"start":{"line":75,"column":38},"end":{"line":75,"column":44}},"loc":{"start":{"line":75,"column":52},"end":{"line":82,"column":5}},"line":75},"5":{"name":"getHourInTz","decl":{"start":{"line":94,"column":9},"end":{"line":94,"column":21}},"loc":{"start":{"line":94,"column":54},"end":{"line":107,"column":null}},"line":94},"6":{"name":"(anonymous_6)","decl":{"start":{"line":103,"column":24},"end":{"line":103,"column":30}},"loc":{"start":{"line":103,"column":36},"end":{"line":103,"column":53}},"line":103},"7":{"name":"getMinuteInTz","decl":{"start":{"line":110,"column":9},"end":{"line":110,"column":23}},"loc":{"start":{"line":110,"column":56},"end":{"line":123,"column":null}},"line":110},"8":{"name":"(anonymous_8)","decl":{"start":{"line":119,"column":24},"end":{"line":119,"column":30}},"loc":{"start":{"line":119,"column":36},"end":{"line":119,"column":55}},"line":119}},"branchMap":{"0":{"loc":{"start":{"line":42,"column":2},"end":{"line":42,"column":null}},"type":"if","locations":[{"start":{"line":42,"column":2},"end":{"line":42,"column":null}},{"start":{},"end":{}}],"line":42},"1":{"loc":{"start":{"line":65,"column":2},"end":{"line":65,"column":null}},"type":"default-arg","locations":[{"start":{"line":65,"column":18},"end":{"line":65,"column":null}}],"line":65},"2":{"loc":{"start":{"line":67,"column":13},"end":{"line":67,"column":null}},"type":"binary-expr","locations":[{"start":{"line":67,"column":13},"end":{"line":67,"column":34}},{"start":{"line":67,"column":34},"end":{"line":67,"column":46}},{"start":{"line":67,"column":46},"end":{"line":67,"column":null}}],"line":67},"3":{"loc":{"start":{"line":73,"column":4},"end":{"line":73,"column":null}},"type":"if","locations":[{"start":{"line":73,"column":4},"end":{"line":73,"column":null}},{"start":{},"end":{}}],"line":73},"4":{"loc":{"start":{"line":76,"column":6},"end":{"line":76,"column":null}},"type":"if","locations":[{"start":{"line":76,"column":6},"end":{"line":76,"column":null}},{"start":{},"end":{}}],"line":76},"5":{"loc":{"start":{"line":77,"column":6},"end":{"line":80,"column":null}},"type":"if","locations":[{"start":{"line":77,"column":6},"end":{"line":80,"column":null}},{"start":{},"end":{}}],"line":77},"6":{"loc":{"start":{"line":79,"column":8},"end":{"line":79,"column":null}},"type":"if","locations":[{"start":{"line":79,"column":8},"end":{"line":79,"column":null}},{"start":{},"end":{}}],"line":79},"7":{"loc":{"start":{"line":79,"column":12},"end":{"line":79,"column":50}},"type":"binary-expr","locations":[{"start":{"line":79,"column":12},"end":{"line":79,"column":26}},{"start":{"line":79,"column":26},"end":{"line":79,"column":50}}],"line":79},"8":{"loc":{"start":{"line":83,"column":4},"end":{"line":83,"column":null}},"type":"if","locations":[{"start":{"line":83,"column":4},"end":{"line":83,"column":null}},{"start":{},"end":{}}],"line":83},"9":{"loc":{"start":{"line":84,"column":19},"end":{"line":86,"column":null}},"type":"cond-expr","locations":[{"start":{"line":85,"column":8},"end":{"line":85,"column":null}},{"start":{"line":86,"column":8},"end":{"line":86,"column":null}}],"line":84},"10":{"loc":{"start":{"line":95,"column":2},"end":{"line":95,"column":null}},"type":"if","locations":[{"start":{"line":95,"column":2},"end":{"line":95,"column":null}},{"start":{},"end":{}}],"line":95},"11":{"loc":{"start":{"line":103,"column":18},"end":{"line":103,"column":66}},"type":"binary-expr","locations":[{"start":{"line":103,"column":18},"end":{"line":103,"column":65}},{"start":{"line":103,"column":65},"end":{"line":103,"column":66}}],"line":103},"12":{"loc":{"start":{"line":111,"column":2},"end":{"line":111,"column":null}},"type":"if","locations":[{"start":{"line":111,"column":2},"end":{"line":111,"column":null}},{"start":{},"end":{}}],"line":111},"13":{"loc":{"start":{"line":119,"column":18},"end":{"line":119,"column":68}},"type":"binary-expr","locations":[{"start":{"line":119,"column":18},"end":{"line":119,"column":67}},{"start":{"line":119,"column":67},"end":{"line":119,"column":68}}],"line":119}},"s":{"0":1,"1":1,"2":1,"3":1,"4":1,"5":1,"6":0,"7":0,"8":0,"9":0,"10":0,"11":8,"12":8,"13":8,"14":8,"15":8,"16":16,"17":9,"18":7,"19":7,"20":3,"21":4,"22":3,"23":3,"24":2,"25":2,"26":7,"27":2,"28":5,"29":16,"30":16,"31":8,"32":8,"33":0,"34":8,"35":8,"36":8,"37":8,"38":0,"39":8,"40":0,"41":8,"42":8,"43":8,"44":24,"45":0},"f":{"0":1,"1":1,"2":0,"3":8,"4":7,"5":8,"6":8,"7":8,"8":24},"b":{"0":[1,0],"1":[8],"2":[8,0,0],"3":[9,7],"4":[3,4],"5":[3,1],"6":[2,1],"7":[3,3],"8":[2,5],"9":[5,0],"10":[0,8],"11":[8,0],"12":[0,8],"13":[8,0]},"meta":{"lastBranch":14,"lastFunction":9,"lastStatement":46,"seen":{"s:6:18:6:Infinity":0,"s:7:13:7:Infinity":1,"s:8:22:8:Infinity":2,"f:28:9:28:41":0,"s:29:2:38:Infinity":3,"f:41:16:41:45":1,"b:42:2:42:Infinity:undefined:undefined:undefined:undefined":0,"s:42:2:42:Infinity":4,"s:42:34:42:Infinity":5,"s:43:2:48:Infinity":6,"s:44:16:44:Infinity":7,"s:45:4:45:Infinity":8,"s:47:4:47:Infinity":9,"f:51:16:51:42":2,"s:52:2:52:Infinity":10,"f:61:16:61:Infinity":3,"b:65:18:65:Infinity":1,"s:67:13:67:Infinity":11,"b:67:13:67:34:67:34:67:46:67:46:67:Infinity":2,"s:68:12:68:Infinity":12,"s:69:12:69:Infinity":13,"s:70:60:70:Infinity":14,"s:72:2:89:Infinity":15,"b:73:4:73:Infinity:undefined:undefined:undefined:undefined":3,"s:73:4:73:Infinity":16,"s:73:34:73:Infinity":17,"s:75:24:82:Infinity":18,"f:75:38:75:44":4,"b:76:6:76:Infinity:undefined:undefined:undefined:undefined":4,"s:76:6:76:Infinity":19,"s:76:21:76:Infinity":20,"b:77:6:80:Infinity:undefined:undefined:undefined:undefined":5,"s:77:6:80:Infinity":21,"s:78:22:78:Infinity":22,"b:79:8:79:Infinity:undefined:undefined:undefined:undefined":6,"s:79:8:79:Infinity":23,"b:79:12:79:26:79:26:79:50":7,"s:79:50:79:Infinity":24,"s:81:6:81:Infinity":25,"b:83:4:83:Infinity:undefined:undefined:undefined:undefined":8,"s:83:4:83:Infinity":26,"s:83:22:83:Infinity":27,"s:84:19:86:Infinity":28,"b:85:8:85:Infinity:86:8:86:Infinity":9,"s:87:18:87:Infinity":29,"s:88:4:88:Infinity":30,"s:90:2:90:Infinity":31,"f:94:9:94:21":5,"b:95:2:95:Infinity:undefined:undefined:undefined:undefined":10,"s:95:2:95:Infinity":32,"s:95:11:95:Infinity":33,"s:96:2:106:Infinity":34,"s:97:18:102:Infinity":35,"s:103:4:103:Infinity":36,"b:103:18:103:65:103:65:103:66":11,"f:103:24:103:30":6,"s:103:36:103:53":37,"s:105:4:105:Infinity":38,"f:110:9:110:23":7,"b:111:2:111:Infinity:undefined:undefined:undefined:undefined":12,"s:111:2:111:Infinity":39,"s:111:11:111:Infinity":40,"s:112:2:122:Infinity":41,"s:113:18:118:Infinity":42,"s:119:4:119:Infinity":43,"b:119:18:119:67:119:67:119:68":13,"f:119:24:119:30":8,"s:119:36:119:55":44,"s:121:4:121:Infinity":45},"fnNames":{}}}
,"C:\\tool\\opencode\\dcl_X_content_factory\\src\\content\\generator.ts": {"path":"C:\\tool\\opencode\\dcl_X_content_factory\\src\\content\\generator.ts","statementMap":{"0":{"start":{"line":24,"column":22},"end":{"line":24,"column":38}},"1":{"start":{"line":25,"column":4},"end":{"line":25,"column":null}},"2":{"start":{"line":29,"column":18},"end":{"line":29,"column":null}},"3":{"start":{"line":30,"column":4},"end":{"line":30,"column":null}},"4":{"start":{"line":30,"column":16},"end":{"line":30,"column":null}},"5":{"start":{"line":32,"column":4},"end":{"line":42,"column":null}},"6":{"start":{"line":33,"column":6},"end":{"line":41,"column":null}},"7":{"start":{"line":34,"column":24},"end":{"line":34,"column":null}},"8":{"start":{"line":35,"column":8},"end":{"line":37,"column":null}},"9":{"start":{"line":36,"column":10},"end":{"line":36,"column":null}},"10":{"start":{"line":38,"column":8},"end":{"line":38,"column":null}},"11":{"start":{"line":40,"column":8},"end":{"line":40,"column":null}},"12":{"start":{"line":44,"column":21},"end":{"line":44,"column":null}},"13":{"start":{"line":45,"column":4},"end":{"line":48,"column":null}},"14":{"start":{"line":46,"column":6},"end":{"line":46,"column":null}},"15":{"start":{"line":47,"column":6},"end":{"line":47,"column":null}},"16":{"start":{"line":50,"column":21},"end":{"line":50,"column":null}},"17":{"start":{"line":51,"column":17},"end":{"line":51,"column":null}},"18":{"start":{"line":52,"column":4},"end":{"line":52,"column":null}},"19":{"start":{"line":56,"column":17},"end":{"line":56,"column":null}},"20":{"start":{"line":57,"column":21},"end":{"line":57,"column":null}},"21":{"start":{"line":58,"column":4},"end":{"line":63,"column":null}},"22":{"start":{"line":67,"column":25},"end":{"line":67,"column":null}},"23":{"start":{"line":69,"column":6},"end":{"line":72,"column":null}},"24":{"start":{"line":74,"column":4},"end":{"line":76,"column":null}},"25":{"start":{"line":75,"column":6},"end":{"line":75,"column":null}},"26":{"start":{"line":77,"column":4},"end":{"line":79,"column":null}},"27":{"start":{"line":78,"column":6},"end":{"line":78,"column":null}},"28":{"start":{"line":80,"column":4},"end":{"line":80,"column":null}},"29":{"start":{"line":84,"column":57},"end":{"line":84,"column":null}},"30":{"start":{"line":85,"column":4},"end":{"line":85,"column":null}},"31":{"start":{"line":85,"column":23},"end":{"line":85,"column":null}},"32":{"start":{"line":86,"column":4},"end":{"line":88,"column":null}},"33":{"start":{"line":87,"column":6},"end":{"line":87,"column":null}},"34":{"start":{"line":89,"column":16},"end":{"line":99,"column":null}},"35":{"start":{"line":100,"column":4},"end":{"line":102,"column":null}},"36":{"start":{"line":101,"column":6},"end":{"line":101,"column":null}},"37":{"start":{"line":103,"column":18},"end":{"line":103,"column":null}},"38":{"start":{"line":106,"column":4},"end":{"line":106,"column":null}},"39":{"start":{"line":110,"column":48},"end":{"line":110,"column":null}},"40":{"start":{"line":111,"column":4},"end":{"line":111,"column":null}},"41":{"start":{"line":111,"column":26},"end":{"line":111,"column":null}},"42":{"start":{"line":112,"column":16},"end":{"line":124,"column":null}},"43":{"start":{"line":125,"column":4},"end":{"line":127,"column":null}},"44":{"start":{"line":126,"column":6},"end":{"line":126,"column":null}},"45":{"start":{"line":128,"column":18},"end":{"line":128,"column":null}},"46":{"start":{"line":131,"column":4},"end":{"line":131,"column":null}},"47":{"start":{"line":131,"column":36},"end":{"line":131,"column":42}},"48":{"start":{"line":136,"column":15},"end":{"line":136,"column":null}},"49":{"start":{"line":137,"column":2},"end":{"line":137,"column":null}}},"fnMap":{"0":{"name":"constructor","decl":{"start":{"line":24,"column":2},"end":{"line":24,"column":14}},"loc":{"start":{"line":24,"column":38},"end":{"line":26,"column":null}},"line":24},"1":{"name":"generate","decl":{"start":{"line":28,"column":8},"end":{"line":28,"column":17}},"loc":{"start":{"line":28,"column":63},"end":{"line":53,"column":null}},"line":28},"2":{"name":"finish","decl":{"start":{"line":55,"column":2},"end":{"line":55,"column":10}},"loc":{"start":{"line":55,"column":60},"end":{"line":64,"column":null}},"line":55},"3":{"name":"generateWithLlm","decl":{"start":{"line":66,"column":16},"end":{"line":66,"column":32}},"loc":{"start":{"line":66,"column":81},"end":{"line":81,"column":null}},"line":66},"4":{"name":"openai","decl":{"start":{"line":83,"column":16},"end":{"line":83,"column":23}},"loc":{"start":{"line":83,"column":56},"end":{"line":107,"column":null}},"line":83},"5":{"name":"anthropic","decl":{"start":{"line":109,"column":16},"end":{"line":109,"column":26}},"loc":{"start":{"line":109,"column":59},"end":{"line":132,"column":null}},"line":109},"6":{"name":"(anonymous_6)","decl":{"start":{"line":131,"column":25},"end":{"line":131,"column":30}},"loc":{"start":{"line":131,"column":36},"end":{"line":131,"column":42}},"line":131},"7":{"name":"extractHashtags","decl":{"start":{"line":135,"column":9},"end":{"line":135,"column":25}},"loc":{"start":{"line":135,"column":47},"end":{"line":138,"column":null}},"line":135}},"branchMap":{"0":{"loc":{"start":{"line":30,"column":4},"end":{"line":30,"column":null}},"type":"if","locations":[{"start":{"line":30,"column":4},"end":{"line":30,"column":null}},{"start":{},"end":{}}],"line":30},"1":{"loc":{"start":{"line":32,"column":4},"end":{"line":42,"column":null}},"type":"if","locations":[{"start":{"line":32,"column":4},"end":{"line":42,"column":null}},{"start":{},"end":{}}],"line":32},"2":{"loc":{"start":{"line":35,"column":8},"end":{"line":37,"column":null}},"type":"if","locations":[{"start":{"line":35,"column":8},"end":{"line":37,"column":null}},{"start":{},"end":{}}],"line":35},"3":{"loc":{"start":{"line":35,"column":12},"end":{"line":35,"column":41}},"type":"binary-expr","locations":[{"start":{"line":35,"column":12},"end":{"line":35,"column":24}},{"start":{"line":35,"column":24},"end":{"line":35,"column":41}}],"line":35},"4":{"loc":{"start":{"line":45,"column":4},"end":{"line":48,"column":null}},"type":"if","locations":[{"start":{"line":45,"column":4},"end":{"line":48,"column":null}},{"start":{},"end":{}}],"line":45},"5":{"loc":{"start":{"line":69,"column":6},"end":{"line":72,"column":null}},"type":"binary-expr","locations":[{"start":{"line":69,"column":6},"end":{"line":69,"column":null}},{"start":{"line":70,"column":6},"end":{"line":72,"column":null}}],"line":69},"6":{"loc":{"start":{"line":74,"column":4},"end":{"line":76,"column":null}},"type":"if","locations":[{"start":{"line":74,"column":4},"end":{"line":76,"column":null}},{"start":{},"end":{}}],"line":74},"7":{"loc":{"start":{"line":77,"column":4},"end":{"line":79,"column":null}},"type":"if","locations":[{"start":{"line":77,"column":4},"end":{"line":79,"column":null}},{"start":{},"end":{}}],"line":77},"8":{"loc":{"start":{"line":85,"column":4},"end":{"line":85,"column":null}},"type":"if","locations":[{"start":{"line":85,"column":4},"end":{"line":85,"column":null}},{"start":{},"end":{}}],"line":85},"9":{"loc":{"start":{"line":86,"column":4},"end":{"line":88,"column":null}},"type":"if","locations":[{"start":{"line":86,"column":4},"end":{"line":88,"column":null}},{"start":{},"end":{}}],"line":86},"10":{"loc":{"start":{"line":100,"column":4},"end":{"line":102,"column":null}},"type":"if","locations":[{"start":{"line":100,"column":4},"end":{"line":102,"column":null}},{"start":{},"end":{}}],"line":100},"11":{"loc":{"start":{"line":106,"column":11},"end":{"line":106,"column":null}},"type":"binary-expr","locations":[{"start":{"line":106,"column":11},"end":{"line":106,"column":50}},{"start":{"line":106,"column":50},"end":{"line":106,"column":null}}],"line":106},"12":{"loc":{"start":{"line":111,"column":4},"end":{"line":111,"column":null}},"type":"if","locations":[{"start":{"line":111,"column":4},"end":{"line":111,"column":null}},{"start":{},"end":{}}],"line":111},"13":{"loc":{"start":{"line":125,"column":4},"end":{"line":127,"column":null}},"type":"if","locations":[{"start":{"line":125,"column":4},"end":{"line":127,"column":null}},{"start":{},"end":{}}],"line":125},"14":{"loc":{"start":{"line":131,"column":11},"end":{"line":131,"column":null}},"type":"binary-expr","locations":[{"start":{"line":131,"column":11},"end":{"line":131,"column":58}},{"start":{"line":131,"column":58},"end":{"line":131,"column":null}}],"line":131},"15":{"loc":{"start":{"line":136,"column":15},"end":{"line":136,"column":null}},"type":"binary-expr","locations":[{"start":{"line":136,"column":15},"end":{"line":136,"column":42}},{"start":{"line":136,"column":42},"end":{"line":136,"column":null}}],"line":136}},"s":{"0":10,"1":10,"2":10,"3":10,"4":1,"5":9,"6":8,"7":8,"8":4,"9":1,"10":3,"11":5,"12":6,"13":6,"14":6,"15":6,"16":0,"17":0,"18":0,"19":3,"20":3,"21":3,"22":8,"23":8,"24":8,"25":5,"26":3,"27":2,"28":1,"29":5,"30":5,"31":1,"32":4,"33":0,"34":4,"35":4,"36":1,"37":3,"38":3,"39":2,"40":2,"41":1,"42":1,"43":1,"44":0,"45":1,"46":1,"47":1,"48":3,"49":3},"f":{"0":10,"1":10,"2":3,"3":8,"4":5,"5":2,"6":1,"7":3},"b":{"0":[1,9],"1":[8,1],"2":[1,3],"3":[4,3],"4":[6,0],"5":[8,8],"6":[5,3],"7":[2,1],"8":[1,4],"9":[0,4],"10":[1,3],"11":[3,1],"12":[1,1],"13":[0,1],"14":[1,0],"15":[3,2]},"meta":{"lastBranch":16,"lastFunction":8,"lastStatement":50,"seen":{"f:24:2:24:14":0,"s:24:22:24:38":0,"s:25:4:25:Infinity":1,"f:28:8:28:17":1,"s:29:18:29:Infinity":2,"b:30:4:30:Infinity:undefined:undefined:undefined:undefined":0,"s:30:4:30:Infinity":3,"s:30:16:30:Infinity":4,"b:32:4:42:Infinity:undefined:undefined:undefined:undefined":1,"s:32:4:42:Infinity":5,"s:33:6:41:Infinity":6,"s:34:24:34:Infinity":7,"b:35:8:37:Infinity:undefined:undefined:undefined:undefined":2,"s:35:8:37:Infinity":8,"b:35:12:35:24:35:24:35:41":3,"s:36:10:36:Infinity":9,"s:38:8:38:Infinity":10,"s:40:8:40:Infinity":11,"s:44:21:44:Infinity":12,"b:45:4:48:Infinity:undefined:undefined:undefined:undefined":4,"s:45:4:48:Infinity":13,"s:46:6:46:Infinity":14,"s:47:6:47:Infinity":15,"s:50:21:50:Infinity":16,"s:51:17:51:Infinity":17,"s:52:4:52:Infinity":18,"f:55:2:55:10":2,"s:56:17:56:Infinity":19,"s:57:21:57:Infinity":20,"s:58:4:63:Infinity":21,"f:66:16:66:32":3,"s:67:25:67:Infinity":22,"s:69:6:72:Infinity":23,"b:69:6:69:Infinity:70:6:72:Infinity":5,"b:74:4:76:Infinity:undefined:undefined:undefined:undefined":6,"s:74:4:76:Infinity":24,"s:75:6:75:Infinity":25,"b:77:4:79:Infinity:undefined:undefined:undefined:undefined":7,"s:77:4:79:Infinity":26,"s:78:6:78:Infinity":27,"s:80:4:80:Infinity":28,"f:83:16:83:23":4,"s:84:57:84:Infinity":29,"b:85:4:85:Infinity:undefined:undefined:undefined:undefined":8,"s:85:4:85:Infinity":30,"s:85:23:85:Infinity":31,"b:86:4:88:Infinity:undefined:undefined:undefined:undefined":9,"s:86:4:88:Infinity":32,"s:87:6:87:Infinity":33,"s:89:16:99:Infinity":34,"b:100:4:102:Infinity:undefined:undefined:undefined:undefined":10,"s:100:4:102:Infinity":35,"s:101:6:101:Infinity":36,"s:103:18:103:Infinity":37,"s:106:4:106:Infinity":38,"b:106:11:106:50:106:50:106:Infinity":11,"f:109:16:109:26":5,"s:110:48:110:Infinity":39,"b:111:4:111:Infinity:undefined:undefined:undefined:undefined":12,"s:111:4:111:Infinity":40,"s:111:26:111:Infinity":41,"s:112:16:124:Infinity":42,"b:125:4:127:Infinity:undefined:undefined:undefined:undefined":13,"s:125:4:127:Infinity":43,"s:126:6:126:Infinity":44,"s:128:18:128:Infinity":45,"s:131:4:131:Infinity":46,"b:131:11:131:58:131:58:131:Infinity":14,"f:131:25:131:30":6,"s:131:36:131:42":47,"f:135:9:135:25":7,"s:136:15:136:Infinity":48,"b:136:15:136:42:136:42:136:Infinity":15,"s:137:2:137:Infinity":49},"fnNames":{}}}
,"C:\\tool\\opencode\\dcl_X_content_factory\\src\\content\\pool.ts": {"path":"C:\\tool\\opencode\\dcl_X_content_factory\\src\\content\\pool.ts","statementMap":{"0":{"start":{"line":7,"column":18},"end":{"line":7,"column":null}},"1":{"start":{"line":8,"column":13},"end":{"line":8,"column":null}},"2":{"start":{"line":9,"column":18},"end":{"line":9,"column":null}},"3":{"start":{"line":10,"column":18},"end":{"line":10,"column":null}},"4":{"start":{"line":11,"column":24},"end":{"line":11,"column":null}},"5":{"start":{"line":34,"column":30},"end":{"line":34,"column":null}},"6":{"start":{"line":35,"column":22},"end":{"line":35,"column":null}},"7":{"start":{"line":38,"column":4},"end":{"line":38,"column":null}},"8":{"start":{"line":39,"column":4},"end":{"line":39,"column":null}},"9":{"start":{"line":43,"column":4},"end":{"line":46,"column":null}},"10":{"start":{"line":44,"column":6},"end":{"line":44,"column":null}},"11":{"start":{"line":45,"column":6},"end":{"line":45,"column":null}},"12":{"start":{"line":47,"column":4},"end":{"line":53,"column":null}},"13":{"start":{"line":48,"column":19},"end":{"line":48,"column":null}},"14":{"start":{"line":49,"column":6},"end":{"line":49,"column":null}},"15":{"start":{"line":51,"column":6},"end":{"line":51,"column":null}},"16":{"start":{"line":52,"column":6},"end":{"line":52,"column":null}},"17":{"start":{"line":57,"column":4},"end":{"line":57,"column":null}},"18":{"start":{"line":57,"column":38},"end":{"line":57,"column":null}},"19":{"start":{"line":58,"column":4},"end":{"line":65,"column":null}},"20":{"start":{"line":59,"column":16},"end":{"line":59,"column":null}},"21":{"start":{"line":62,"column":6},"end":{"line":62,"column":null}},"22":{"start":{"line":69,"column":4},"end":{"line":69,"column":null}},"23":{"start":{"line":69,"column":32},"end":{"line":69,"column":null}},"24":{"start":{"line":70,"column":4},"end":{"line":74,"column":null}},"25":{"start":{"line":78,"column":4},"end":{"line":78,"column":null}},"26":{"start":{"line":86,"column":4},"end":{"line":86,"column":null}},"27":{"start":{"line":86,"column":33},"end":{"line":86,"column":null}},"28":{"start":{"line":88,"column":4},"end":{"line":94,"column":null}},"29":{"start":{"line":89,"column":16},"end":{"line":89,"column":null}},"30":{"start":{"line":90,"column":24},"end":{"line":92,"column":null}},"31":{"start":{"line":90,"column":41},"end":{"line":91,"column":null}},"32":{"start":{"line":91,"column":39},"end":{"line":91,"column":66}},"33":{"start":{"line":93,"column":6},"end":{"line":93,"column":null}},"34":{"start":{"line":93,"column":21},"end":{"line":93,"column":null}},"35":{"start":{"line":96,"column":4},"end":{"line":96,"column":null}},"36":{"start":{"line":97,"column":4},"end":{"line":97,"column":null}},"37":{"start":{"line":98,"column":4},"end":{"line":98,"column":null}},"38":{"start":{"line":103,"column":17},"end":{"line":103,"column":null}},"39":{"start":{"line":104,"column":21},"end":{"line":104,"column":null}},"40":{"start":{"line":105,"column":4},"end":{"line":112,"column":null}},"41":{"start":{"line":117,"column":15},"end":{"line":117,"column":null}},"42":{"start":{"line":118,"column":2},"end":{"line":118,"column":null}},"43":{"start":{"line":126,"column":2},"end":{"line":130,"column":null}},"44":{"start":{"line":127,"column":4},"end":{"line":127,"column":null}},"45":{"start":{"line":129,"column":4},"end":{"line":129,"column":null}},"46":{"start":{"line":131,"column":2},"end":{"line":131,"column":null}},"47":{"start":{"line":132,"column":2},"end":{"line":134,"column":null}},"48":{"start":{"line":133,"column":4},"end":{"line":133,"column":null}},"49":{"start":{"line":135,"column":2},"end":{"line":135,"column":null}},"50":{"start":{"line":136,"column":2},"end":{"line":136,"column":null}},"51":{"start":{"line":137,"column":2},"end":{"line":137,"column":null}}},"fnMap":{"0":{"name":"constructor","decl":{"start":{"line":37,"column":2},"end":{"line":37,"column":16}},"loc":{"start":{"line":37,"column":16},"end":{"line":40,"column":null}},"line":37},"1":{"name":"load","decl":{"start":{"line":42,"column":2},"end":{"line":42,"column":10}},"loc":{"start":{"line":42,"column":23},"end":{"line":54,"column":null}},"line":42},"2":{"name":"loadState","decl":{"start":{"line":56,"column":2},"end":{"line":56,"column":10}},"loc":{"start":{"line":56,"column":28},"end":{"line":66,"column":null}},"line":56},"3":{"name":"saveState","decl":{"start":{"line":68,"column":2},"end":{"line":68,"column":10}},"loc":{"start":{"line":68,"column":28},"end":{"line":75,"column":null}},"line":68},"4":{"name":"size","decl":{"start":{"line":77,"column":6},"end":{"line":77,"column":21}},"loc":{"start":{"line":77,"column":21},"end":{"line":79,"column":null}},"line":77},"5":{"name":"pick","decl":{"start":{"line":85,"column":2},"end":{"line":85,"column":7}},"loc":{"start":{"line":85,"column":45},"end":{"line":99,"column":null}},"line":85},"6":{"name":"(anonymous_6)","decl":{"start":{"line":90,"column":35},"end":{"line":90,"column":41}},"loc":{"start":{"line":90,"column":41},"end":{"line":91,"column":null}},"line":90},"7":{"name":"(anonymous_7)","decl":{"start":{"line":91,"column":27},"end":{"line":91,"column":33}},"loc":{"start":{"line":91,"column":39},"end":{"line":91,"column":66}},"line":91},"8":{"name":"toGeneratedPost","decl":{"start":{"line":102,"column":2},"end":{"line":102,"column":18}},"loc":{"start":{"line":102,"column":46},"end":{"line":113,"column":null}},"line":102},"9":{"name":"extractHashtags","decl":{"start":{"line":116,"column":9},"end":{"line":116,"column":25}},"loc":{"start":{"line":116,"column":47},"end":{"line":119,"column":null}},"line":116},"10":{"name":"addToPool","decl":{"start":{"line":124,"column":16},"end":{"line":124,"column":26}},"loc":{"start":{"line":124,"column":54},"end":{"line":138,"column":null}},"line":124}},"branchMap":{"0":{"loc":{"start":{"line":43,"column":4},"end":{"line":46,"column":null}},"type":"if","locations":[{"start":{"line":43,"column":4},"end":{"line":46,"column":null}},{"start":{},"end":{}}],"line":43},"1":{"loc":{"start":{"line":49,"column":19},"end":{"line":49,"column":null}},"type":"binary-expr","locations":[{"start":{"line":49,"column":19},"end":{"line":49,"column":33}},{"start":{"line":49,"column":33},"end":{"line":49,"column":null}}],"line":49},"2":{"loc":{"start":{"line":57,"column":4},"end":{"line":57,"column":null}},"type":"if","locations":[{"start":{"line":57,"column":4},"end":{"line":57,"column":null}},{"start":{},"end":{}}],"line":57},"3":{"loc":{"start":{"line":62,"column":23},"end":{"line":62,"column":null}},"type":"binary-expr","locations":[{"start":{"line":62,"column":23},"end":{"line":62,"column":38}},{"start":{"line":62,"column":38},"end":{"line":62,"column":null}}],"line":62},"4":{"loc":{"start":{"line":69,"column":4},"end":{"line":69,"column":null}},"type":"if","locations":[{"start":{"line":69,"column":4},"end":{"line":69,"column":null}},{"start":{},"end":{}}],"line":69},"5":{"loc":{"start":{"line":86,"column":4},"end":{"line":86,"column":null}},"type":"if","locations":[{"start":{"line":86,"column":4},"end":{"line":86,"column":null}},{"start":{},"end":{}}],"line":86},"6":{"loc":{"start":{"line":88,"column":4},"end":{"line":94,"column":null}},"type":"if","locations":[{"start":{"line":88,"column":4},"end":{"line":94,"column":null}},{"start":{},"end":{}}],"line":88},"7":{"loc":{"start":{"line":91,"column":9},"end":{"line":91,"column":25}},"type":"binary-expr","locations":[{"start":{"line":91,"column":9},"end":{"line":91,"column":23}},{"start":{"line":91,"column":23},"end":{"line":91,"column":25}}],"line":91},"8":{"loc":{"start":{"line":93,"column":6},"end":{"line":93,"column":null}},"type":"if","locations":[{"start":{"line":93,"column":6},"end":{"line":93,"column":null}},{"start":{},"end":{}}],"line":93},"9":{"loc":{"start":{"line":104,"column":21},"end":{"line":104,"column":null}},"type":"binary-expr","locations":[{"start":{"line":104,"column":21},"end":{"line":104,"column":35}},{"start":{"line":104,"column":35},"end":{"line":104,"column":null}}],"line":104},"10":{"loc":{"start":{"line":109,"column":6},"end":{"line":111,"column":null}},"type":"cond-expr","locations":[{"start":{"line":110,"column":10},"end":{"line":110,"column":null}},{"start":{"line":111,"column":10},"end":{"line":111,"column":null}}],"line":109},"11":{"loc":{"start":{"line":109,"column":17},"end":{"line":109,"column":33}},"type":"binary-expr","locations":[{"start":{"line":109,"column":17},"end":{"line":109,"column":31}},{"start":{"line":109,"column":31},"end":{"line":109,"column":33}}],"line":109},"12":{"loc":{"start":{"line":117,"column":15},"end":{"line":117,"column":null}},"type":"binary-expr","locations":[{"start":{"line":117,"column":15},"end":{"line":117,"column":42}},{"start":{"line":117,"column":42},"end":{"line":117,"column":null}}],"line":117},"13":{"loc":{"start":{"line":126,"column":2},"end":{"line":130,"column":null}},"type":"if","locations":[{"start":{"line":126,"column":2},"end":{"line":130,"column":null}},{"start":{"line":128,"column":9},"end":{"line":130,"column":null}}],"line":126},"14":{"loc":{"start":{"line":132,"column":2},"end":{"line":134,"column":null}},"type":"if","locations":[{"start":{"line":132,"column":2},"end":{"line":134,"column":null}},{"start":{},"end":{}}],"line":132}},"s":{"0":2,"1":2,"2":2,"3":2,"4":2,"5":14,"6":14,"7":14,"8":14,"9":14,"10":0,"11":0,"12":14,"13":14,"14":14,"15":0,"16":0,"17":14,"18":6,"19":8,"20":8,"21":8,"22":6,"23":0,"24":6,"25":1,"26":8,"27":0,"28":8,"29":8,"30":8,"31":76,"32":306,"33":8,"34":2,"35":6,"36":6,"37":6,"38":7,"39":7,"40":7,"41":7,"42":7,"43":0,"44":0,"45":0,"46":0,"47":0,"48":0,"49":0,"50":0,"51":0},"f":{"0":14,"1":14,"2":14,"3":6,"4":1,"5":8,"6":76,"7":306,"8":7,"9":7,"10":0},"b":{"0":[0,14],"1":[14,0],"2":[6,8],"3":[8,0],"4":[0,6],"5":[0,8],"6":[8,0],"7":[76,0],"8":[2,6],"9":[7,7],"10":[6,1],"11":[7,1],"12":[7,0],"13":[0,0],"14":[0,0]},"meta":{"lastBranch":15,"lastFunction":11,"lastStatement":52,"seen":{"s:7:18:7:Infinity":0,"s:8:13:8:Infinity":1,"s:9:18:9:Infinity":2,"s:10:18:10:Infinity":3,"s:11:24:11:Infinity":4,"s:34:30:34:Infinity":5,"s:35:22:35:Infinity":6,"f:37:2:37:16":0,"s:38:4:38:Infinity":7,"s:39:4:39:Infinity":8,"f:42:2:42:10":1,"b:43:4:46:Infinity:undefined:undefined:undefined:undefined":0,"s:43:4:46:Infinity":9,"s:44:6:44:Infinity":10,"s:45:6:45:Infinity":11,"s:47:4:53:Infinity":12,"s:48:19:48:Infinity":13,"s:49:6:49:Infinity":14,"b:49:19:49:33:49:33:49:Infinity":1,"s:51:6:51:Infinity":15,"s:52:6:52:Infinity":16,"f:56:2:56:10":2,"b:57:4:57:Infinity:undefined:undefined:undefined:undefined":2,"s:57:4:57:Infinity":17,"s:57:38:57:Infinity":18,"s:58:4:65:Infinity":19,"s:59:16:59:Infinity":20,"s:62:6:62:Infinity":21,"b:62:23:62:38:62:38:62:Infinity":3,"f:68:2:68:10":3,"b:69:4:69:Infinity:undefined:undefined:undefined:undefined":4,"s:69:4:69:Infinity":22,"s:69:32:69:Infinity":23,"s:70:4:74:Infinity":24,"f:77:6:77:21":4,"s:78:4:78:Infinity":25,"f:85:2:85:7":5,"b:86:4:86:Infinity:undefined:undefined:undefined:undefined":5,"s:86:4:86:Infinity":26,"s:86:33:86:Infinity":27,"b:88:4:94:Infinity:undefined:undefined:undefined:undefined":6,"s:88:4:94:Infinity":28,"s:89:16:89:Infinity":29,"s:90:24:92:Infinity":30,"f:90:35:90:41":6,"s:90:41:91:Infinity":31,"b:91:9:91:23:91:23:91:25":7,"f:91:27:91:33":7,"s:91:39:91:66":32,"b:93:6:93:Infinity:undefined:undefined:undefined:undefined":8,"s:93:6:93:Infinity":33,"s:93:21:93:Infinity":34,"s:96:4:96:Infinity":35,"s:97:4:97:Infinity":36,"s:98:4:98:Infinity":37,"f:102:2:102:18":8,"s:103:17:103:Infinity":38,"s:104:21:104:Infinity":39,"b:104:21:104:35:104:35:104:Infinity":9,"s:105:4:112:Infinity":40,"b:110:10:110:Infinity:111:10:111:Infinity":10,"b:109:17:109:31:109:31:109:33":11,"f:116:9:116:25":9,"s:117:15:117:Infinity":41,"b:117:15:117:42:117:42:117:Infinity":12,"s:118:2:118:Infinity":42,"f:124:16:124:26":10,"b:126:2:130:Infinity:128:9:130:Infinity":13,"s:126:2:130:Infinity":43,"s:127:4:127:Infinity":44,"s:129:4:129:Infinity":45,"s:131:2:131:Infinity":46,"b:132:2:134:Infinity:undefined:undefined:undefined:undefined":14,"s:132:2:134:Infinity":47,"s:133:4:133:Infinity":48,"s:135:2:135:Infinity":49,"s:136:2:136:Infinity":50,"s:137:2:137:Infinity":51},"fnNames":{}}}
,"C:\\tool\\opencode\\dcl_X_content_factory\\src\\content\\templates.ts": {"path":"C:\\tool\\opencode\\dcl_X_content_factory\\src\\content\\templates.ts","statementMap":{"0":{"start":{"line":11,"column":44},"end":{"line":42,"column":null}},"1":{"start":{"line":46,"column":2},"end":{"line":49,"column":null}},"2":{"start":{"line":47,"column":14},"end":{"line":47,"column":null}},"3":{"start":{"line":47,"column":39},"end":{"line":47,"column":79}},"4":{"start":{"line":48,"column":4},"end":{"line":48,"column":null}},"5":{"start":{"line":48,"column":11},"end":{"line":48,"column":null}},"6":{"start":{"line":50,"column":2},"end":{"line":50,"column":null}},"7":{"start":{"line":55,"column":2},"end":{"line":57,"column":null}}},"fnMap":{"0":{"name":"pickTemplate","decl":{"start":{"line":45,"column":16},"end":{"line":45,"column":29}},"loc":{"start":{"line":45,"column":66},"end":{"line":51,"column":null}},"line":45},"1":{"name":"(anonymous_1)","decl":{"start":{"line":47,"column":24},"end":{"line":47,"column":30}},"loc":{"start":{"line":47,"column":39},"end":{"line":47,"column":79}},"line":47},"2":{"name":"renderTemplate","decl":{"start":{"line":54,"column":16},"end":{"line":54,"column":31}},"loc":{"start":{"line":54,"column":74},"end":{"line":58,"column":null}},"line":54}},"branchMap":{"0":{"loc":{"start":{"line":48,"column":4},"end":{"line":48,"column":null}},"type":"if","locations":[{"start":{"line":48,"column":4},"end":{"line":48,"column":null}},{"start":{},"end":{}}],"line":48}},"s":{"0":2,"1":7,"2":8,"3":22,"4":8,"5":6,"6":1,"7":3},"f":{"0":7,"1":22,"2":3},"b":{"0":[6,2]},"meta":{"lastBranch":1,"lastFunction":3,"lastStatement":8,"seen":{"s:11:44:42:Infinity":0,"f:45:16:45:29":0,"s:46:2:49:Infinity":1,"s:47:14:47:Infinity":2,"f:47:24:47:30":1,"s:47:39:47:79":3,"b:48:4:48:Infinity:undefined:undefined:undefined:undefined":0,"s:48:4:48:Infinity":4,"s:48:11:48:Infinity":5,"s:50:2:50:Infinity":6,"f:54:16:54:31":2,"s:55:2:57:Infinity":7},"fnNames":{}}}
,"C:\\tool\\opencode\\dcl_X_content_factory\\src\\content\\text.ts": {"path":"C:\\tool\\opencode\\dcl_X_content_factory\\src\\content\\text.ts","statementMap":{"0":{"start":{"line":8,"column":15},"end":{"line":8,"column":null}},"1":{"start":{"line":9,"column":2},"end":{"line":9,"column":null}},"2":{"start":{"line":9,"column":22},"end":{"line":9,"column":null}},"3":{"start":{"line":11,"column":15},"end":{"line":11,"column":null}},"4":{"start":{"line":12,"column":17},"end":{"line":12,"column":null}},"5":{"start":{"line":13,"column":18},"end":{"line":13,"column":null}},"6":{"start":{"line":13,"column":37},"end":{"line":13,"column":51}},"7":{"start":{"line":15,"column":2},"end":{"line":15,"column":null}},"8":{"start":{"line":15,"column":28},"end":{"line":15,"column":null}},"9":{"start":{"line":16,"column":2},"end":{"line":16,"column":null}}},"fnMap":{"0":{"name":"fullText","decl":{"start":{"line":7,"column":16},"end":{"line":7,"column":25}},"loc":{"start":{"line":7,"column":54},"end":{"line":17,"column":null}},"line":7},"1":{"name":"(anonymous_1)","decl":{"start":{"line":13,"column":23},"end":{"line":13,"column":31}},"loc":{"start":{"line":13,"column":37},"end":{"line":13,"column":51}},"line":13}},"branchMap":{"0":{"loc":{"start":{"line":9,"column":2},"end":{"line":9,"column":null}},"type":"if","locations":[{"start":{"line":9,"column":2},"end":{"line":9,"column":null}},{"start":{},"end":{}}],"line":9},"1":{"loc":{"start":{"line":12,"column":25},"end":{"line":12,"column":54}},"type":"binary-expr","locations":[{"start":{"line":12,"column":25},"end":{"line":12,"column":52}},{"start":{"line":12,"column":52},"end":{"line":12,"column":54}}],"line":12},"2":{"loc":{"start":{"line":15,"column":2},"end":{"line":15,"column":null}},"type":"if","locations":[{"start":{"line":15,"column":2},"end":{"line":15,"column":null}},{"start":{},"end":{}}],"line":15}},"s":{"0":6,"1":6,"2":1,"3":5,"4":5,"5":6,"6":7,"7":6,"8":1,"9":4},"f":{"0":6,"1":7},"b":{"0":[1,5],"1":[5,2],"2":[1,5]},"meta":{"lastBranch":3,"lastFunction":2,"lastStatement":10,"seen":{"f:7:16:7:25":0,"s:8:15:8:Infinity":0,"b:9:2:9:Infinity:undefined:undefined:undefined:undefined":0,"s:9:2:9:Infinity":1,"s:9:22:9:Infinity":2,"s:11:15:11:Infinity":3,"s:12:17:12:Infinity":4,"b:12:25:12:52:12:52:12:54":1,"s:13:18:13:Infinity":5,"f:13:23:13:31":1,"s:13:37:13:51":6,"b:15:2:15:Infinity:undefined:undefined:undefined:undefined":2,"s:15:2:15:Infinity":7,"s:15:28:15:Infinity":8,"s:16:2:16:Infinity":9},"fnNames":{}}}
,"C:\\tool\\opencode\\dcl_X_content_factory\\src\\content\\yandexArt.ts": {"path":"C:\\tool\\opencode\\dcl_X_content_factory\\src\\content\\yandexArt.ts","statementMap":{"0":{"start":{"line":6,"column":12},"end":{"line":6,"column":null}},"1":{"start":{"line":7,"column":12},"end":{"line":7,"column":null}},"2":{"start":{"line":21,"column":22},"end":{"line":21,"column":38}},"3":{"start":{"line":24,"column":14},"end":{"line":24,"column":null}},"4":{"start":{"line":25,"column":4},"end":{"line":25,"column":null}},"5":{"start":{"line":25,"column":12},"end":{"line":25,"column":null}},"6":{"start":{"line":26,"column":4},"end":{"line":26,"column":null}},"7":{"start":{"line":30,"column":14},"end":{"line":30,"column":null}},"8":{"start":{"line":31,"column":4},"end":{"line":31,"column":null}},"9":{"start":{"line":31,"column":12},"end":{"line":31,"column":null}},"10":{"start":{"line":32,"column":4},"end":{"line":32,"column":null}},"11":{"start":{"line":36,"column":19},"end":{"line":36,"column":null}},"12":{"start":{"line":37,"column":19},"end":{"line":41,"column":null}},"13":{"start":{"line":42,"column":24},"end":{"line":42,"column":null}},"14":{"start":{"line":43,"column":19},"end":{"line":43,"column":null}},"15":{"start":{"line":43,"column":53},"end":{"line":43,"column":67}},"16":{"start":{"line":45,"column":45},"end":{"line":45,"column":null}},"17":{"start":{"line":46,"column":4},"end":{"line":48,"column":null}},"18":{"start":{"line":47,"column":6},"end":{"line":47,"column":null}},"19":{"start":{"line":50,"column":4},"end":{"line":53,"column":null}},"20":{"start":{"line":55,"column":22},"end":{"line":66,"column":null}},"21":{"start":{"line":68,"column":21},"end":{"line":68,"column":null}},"22":{"start":{"line":69,"column":4},"end":{"line":71,"column":null}},"23":{"start":{"line":70,"column":6},"end":{"line":70,"column":null}},"24":{"start":{"line":72,"column":24},"end":{"line":72,"column":null}},"25":{"start":{"line":75,"column":21},"end":{"line":75,"column":null}},"26":{"start":{"line":76,"column":4},"end":{"line":97,"column":null}},"27":{"start":{"line":77,"column":6},"end":{"line":77,"column":null}},"28":{"start":{"line":77,"column":31},"end":{"line":77,"column":50}},"29":{"start":{"line":79,"column":24},"end":{"line":81,"column":null}},"30":{"start":{"line":82,"column":22},"end":{"line":82,"column":null}},"31":{"start":{"line":87,"column":6},"end":{"line":89,"column":null}},"32":{"start":{"line":88,"column":8},"end":{"line":88,"column":null}},"33":{"start":{"line":90,"column":6},"end":{"line":95,"column":null}},"34":{"start":{"line":91,"column":20},"end":{"line":91,"column":null}},"35":{"start":{"line":92,"column":8},"end":{"line":92,"column":null}},"36":{"start":{"line":92,"column":18},"end":{"line":92,"column":null}},"37":{"start":{"line":93,"column":8},"end":{"line":93,"column":null}},"38":{"start":{"line":94,"column":8},"end":{"line":94,"column":null}},"39":{"start":{"line":96,"column":6},"end":{"line":96,"column":null}},"40":{"start":{"line":99,"column":4},"end":{"line":99,"column":null}}},"fnMap":{"0":{"name":"constructor","decl":{"start":{"line":21,"column":2},"end":{"line":21,"column":14}},"loc":{"start":{"line":21,"column":38},"end":{"line":21,"column":null}},"line":21},"1":{"name":"apiKey","decl":{"start":{"line":23,"column":14},"end":{"line":23,"column":31}},"loc":{"start":{"line":23,"column":31},"end":{"line":27,"column":null}},"line":23},"2":{"name":"folderId","decl":{"start":{"line":29,"column":14},"end":{"line":29,"column":33}},"loc":{"start":{"line":29,"column":33},"end":{"line":33,"column":null}},"line":29},"3":{"name":"generate","decl":{"start":{"line":35,"column":8},"end":{"line":35,"column":17}},"loc":{"start":{"line":35,"column":86},"end":{"line":100,"column":null}},"line":35},"4":{"name":"(anonymous_4)","decl":{"start":{"line":43,"column":42},"end":{"line":43,"column":47}},"loc":{"start":{"line":43,"column":53},"end":{"line":43,"column":67}},"line":43},"5":{"name":"(anonymous_5)","decl":{"start":{"line":77,"column":16},"end":{"line":77,"column":25}},"loc":{"start":{"line":77,"column":31},"end":{"line":77,"column":50}},"line":77}},"branchMap":{"0":{"loc":{"start":{"line":25,"column":4},"end":{"line":25,"column":null}},"type":"if","locations":[{"start":{"line":25,"column":4},"end":{"line":25,"column":null}},{"start":{},"end":{}}],"line":25},"1":{"loc":{"start":{"line":31,"column":4},"end":{"line":31,"column":null}},"type":"if","locations":[{"start":{"line":31,"column":4},"end":{"line":31,"column":null}},{"start":{},"end":{}}],"line":31},"2":{"loc":{"start":{"line":35,"column":32},"end":{"line":35,"column":86}},"type":"default-arg","locations":[{"start":{"line":35,"column":57},"end":{"line":35,"column":86}}],"line":35},"3":{"loc":{"start":{"line":37,"column":19},"end":{"line":41,"column":null}},"type":"cond-expr","locations":[{"start":{"line":38,"column":8},"end":{"line":39,"column":null}},{"start":{"line":40,"column":8},"end":{"line":41,"column":null}}],"line":37},"4":{"loc":{"start":{"line":42,"column":24},"end":{"line":42,"column":null}},"type":"binary-expr","locations":[{"start":{"line":42,"column":24},"end":{"line":42,"column":44}},{"start":{"line":42,"column":44},"end":{"line":42,"column":null}}],"line":42},"5":{"loc":{"start":{"line":43,"column":53},"end":{"line":43,"column":67}},"type":"binary-expr","locations":[{"start":{"line":43,"column":53},"end":{"line":43,"column":66}},{"start":{"line":43,"column":66},"end":{"line":43,"column":67}}],"line":43},"6":{"loc":{"start":{"line":46,"column":4},"end":{"line":48,"column":null}},"type":"if","locations":[{"start":{"line":46,"column":4},"end":{"line":48,"column":null}},{"start":{},"end":{}}],"line":46},"7":{"loc":{"start":{"line":51,"column":12},"end":{"line":51,"column":null}},"type":"cond-expr","locations":[{"start":{"line":51,"column":21},"end":{"line":51,"column":37}},{"start":{"line":51,"column":37},"end":{"line":51,"column":null}}],"line":51},"8":{"loc":{"start":{"line":69,"column":4},"end":{"line":71,"column":null}},"type":"if","locations":[{"start":{"line":69,"column":4},"end":{"line":71,"column":null}},{"start":{},"end":{}}],"line":69},"9":{"loc":{"start":{"line":69,"column":8},"end":{"line":69,"column":38}},"type":"binary-expr","locations":[{"start":{"line":69,"column":8},"end":{"line":69,"column":25}},{"start":{"line":69,"column":25},"end":{"line":69,"column":38}}],"line":69},"10":{"loc":{"start":{"line":70,"column":49},"end":{"line":70,"column":93}},"type":"binary-expr","locations":[{"start":{"line":70,"column":49},"end":{"line":70,"column":75}},{"start":{"line":70,"column":75},"end":{"line":70,"column":93}}],"line":70},"11":{"loc":{"start":{"line":87,"column":6},"end":{"line":89,"column":null}},"type":"if","locations":[{"start":{"line":87,"column":6},"end":{"line":89,"column":null}},{"start":{},"end":{}}],"line":87},"12":{"loc":{"start":{"line":88,"column":51},"end":{"line":88,"column":94}},"type":"binary-expr","locations":[{"start":{"line":88,"column":51},"end":{"line":88,"column":76}},{"start":{"line":88,"column":76},"end":{"line":88,"column":94}}],"line":88},"13":{"loc":{"start":{"line":90,"column":6},"end":{"line":95,"column":null}},"type":"if","locations":[{"start":{"line":90,"column":6},"end":{"line":95,"column":null}},{"start":{},"end":{}}],"line":90},"14":{"loc":{"start":{"line":92,"column":8},"end":{"line":92,"column":null}},"type":"if","locations":[{"start":{"line":92,"column":8},"end":{"line":92,"column":null}},{"start":{},"end":{}}],"line":92}},"s":{"0":1,"1":1,"2":7,"3":11,"4":11,"5":0,"6":11,"7":13,"8":13,"9":1,"10":12,"11":7,"12":7,"13":7,"14":7,"15":14,"16":7,"17":7,"18":1,"19":7,"20":7,"21":6,"22":6,"23":1,"24":5,"25":5,"26":5,"27":5,"28":5,"29":5,"30":5,"31":5,"32":1,"33":4,"34":4,"35":4,"36":1,"37":3,"38":3,"39":0,"40":0},"f":{"0":7,"1":11,"2":13,"3":7,"4":14,"5":5},"b":{"0":[0,11],"1":[1,12],"2":[7],"3":[1,6],"4":[7,7],"5":[14,0],"6":[1,6],"7":[1,6],"8":[1,5],"9":[6,5],"10":[1,0],"11":[1,4],"12":[1,0],"13":[4,0],"14":[1,3]},"meta":{"lastBranch":15,"lastFunction":6,"lastStatement":41,"seen":{"s:6:12:6:Infinity":0,"s:7:12:7:Infinity":1,"f:21:2:21:14":0,"s:21:22:21:38":2,"f:23:14:23:31":1,"s:24:14:24:Infinity":3,"b:25:4:25:Infinity:undefined:undefined:undefined:undefined":0,"s:25:4:25:Infinity":4,"s:25:12:25:Infinity":5,"s:26:4:26:Infinity":6,"f:29:14:29:33":2,"s:30:14:30:Infinity":7,"b:31:4:31:Infinity:undefined:undefined:undefined:undefined":1,"s:31:4:31:Infinity":8,"s:31:12:31:Infinity":9,"s:32:4:32:Infinity":10,"f:35:8:35:17":3,"b:35:57:35:86":2,"s:36:19:36:Infinity":11,"s:37:19:41:Infinity":12,"b:38:8:39:Infinity:40:8:41:Infinity":3,"s:42:24:42:Infinity":13,"b:42:24:42:44:42:44:42:Infinity":4,"s:43:19:43:Infinity":14,"f:43:42:43:47":4,"s:43:53:43:67":15,"b:43:53:43:66:43:66:43:67":5,"s:45:45:45:Infinity":16,"b:46:4:48:Infinity:undefined:undefined:undefined:undefined":6,"s:46:4:48:Infinity":17,"s:47:6:47:Infinity":18,"s:50:4:53:Infinity":19,"b:51:21:51:37:51:37:51:Infinity":7,"s:55:22:66:Infinity":20,"s:68:21:68:Infinity":21,"b:69:4:71:Infinity:undefined:undefined:undefined:undefined":8,"s:69:4:71:Infinity":22,"b:69:8:69:25:69:25:69:38":9,"s:70:6:70:Infinity":23,"b:70:49:70:75:70:75:70:93":10,"s:72:24:72:Infinity":24,"s:75:21:75:Infinity":25,"s:76:4:97:Infinity":26,"s:77:6:77:Infinity":27,"f:77:16:77:25":5,"s:77:31:77:50":28,"s:79:24:81:Infinity":29,"s:82:22:82:Infinity":30,"b:87:6:89:Infinity:undefined:undefined:undefined:undefined":11,"s:87:6:89:Infinity":31,"s:88:8:88:Infinity":32,"b:88:51:88:76:88:76:88:94":12,"b:90:6:95:Infinity:undefined:undefined:undefined:undefined":13,"s:90:6:95:Infinity":33,"s:91:20:91:Infinity":34,"b:92:8:92:Infinity:undefined:undefined:undefined:undefined":14,"s:92:8:92:Infinity":35,"s:92:18:92:Infinity":36,"s:93:8:93:Infinity":37,"s:94:8:94:Infinity":38,"s:96:6:96:Infinity":39,"s:99:4:99:Infinity":40},"fnNames":{}}}
,"C:\\tool\\opencode\\dcl_X_content_factory\\src\\metrics\\collector.ts": {"path":"C:\\tool\\opencode\\dcl_X_content_factory\\src\\metrics\\collector.ts","statementMap":{"0":{"start":{"line":17,"column":14},"end":{"line":17,"column":null}},"1":{"start":{"line":26,"column":22},"end":{"line":26,"column":38}},"2":{"start":{"line":29,"column":37},"end":{"line":29,"column":null}},"3":{"start":{"line":31,"column":4},"end":{"line":31,"column":null}},"4":{"start":{"line":32,"column":4},"end":{"line":32,"column":null}},"5":{"start":{"line":33,"column":4},"end":{"line":33,"column":null}},"6":{"start":{"line":35,"column":38},"end":{"line":38,"column":null}},"7":{"start":{"line":39,"column":4},"end":{"line":39,"column":null}},"8":{"start":{"line":40,"column":4},"end":{"line":40,"column":null}},"9":{"start":{"line":44,"column":4},"end":{"line":62,"column":null}},"10":{"start":{"line":45,"column":18},"end":{"line":50,"column":null}},"11":{"start":{"line":51,"column":19},"end":{"line":51,"column":null}},"12":{"start":{"line":56,"column":6},"end":{"line":58,"column":null}},"13":{"start":{"line":57,"column":8},"end":{"line":57,"column":null}},"14":{"start":{"line":59,"column":6},"end":{"line":59,"column":null}},"15":{"start":{"line":61,"column":6},"end":{"line":61,"column":null}},"16":{"start":{"line":66,"column":19},"end":{"line":66,"column":null}},"17":{"start":{"line":67,"column":18},"end":{"line":67,"column":null}},"18":{"start":{"line":68,"column":4},"end":{"line":68,"column":null}},"19":{"start":{"line":68,"column":27},"end":{"line":68,"column":null}},"20":{"start":{"line":69,"column":4},"end":{"line":86,"column":null}},"21":{"start":{"line":71,"column":8},"end":{"line":72,"column":null}},"22":{"start":{"line":73,"column":18},"end":{"line":73,"column":null}},"23":{"start":{"line":74,"column":20},"end":{"line":74,"column":null}},"24":{"start":{"line":78,"column":6},"end":{"line":80,"column":null}},"25":{"start":{"line":79,"column":8},"end":{"line":79,"column":null}},"26":{"start":{"line":81,"column":21},"end":{"line":81,"column":null}},"27":{"start":{"line":82,"column":19},"end":{"line":82,"column":null}},"28":{"start":{"line":83,"column":6},"end":{"line":83,"column":null}},"29":{"start":{"line":85,"column":6},"end":{"line":85,"column":null}},"30":{"start":{"line":90,"column":17},"end":{"line":90,"column":null}},"31":{"start":{"line":91,"column":18},"end":{"line":91,"column":null}},"32":{"start":{"line":92,"column":4},"end":{"line":92,"column":null}},"33":{"start":{"line":92,"column":25},"end":{"line":92,"column":null}},"34":{"start":{"line":93,"column":4},"end":{"line":112,"column":null}},"35":{"start":{"line":95,"column":8},"end":{"line":96,"column":null}},"36":{"start":{"line":97,"column":18},"end":{"line":97,"column":null}},"37":{"start":{"line":98,"column":20},"end":{"line":98,"column":null}},"38":{"start":{"line":103,"column":6},"end":{"line":105,"column":null}},"39":{"start":{"line":104,"column":8},"end":{"line":104,"column":null}},"40":{"start":{"line":106,"column":6},"end":{"line":109,"column":null}},"41":{"start":{"line":111,"column":6},"end":{"line":111,"column":null}}},"fnMap":{"0":{"name":"constructor","decl":{"start":{"line":26,"column":2},"end":{"line":26,"column":14}},"loc":{"start":{"line":26,"column":38},"end":{"line":26,"column":null}},"line":26},"1":{"name":"collect","decl":{"start":{"line":28,"column":8},"end":{"line":28,"column":44}},"loc":{"start":{"line":28,"column":44},"end":{"line":41,"column":null}},"line":28},"2":{"name":"collectTelegram","decl":{"start":{"line":43,"column":16},"end":{"line":43,"column":32}},"loc":{"start":{"line":43,"column":67},"end":{"line":63,"column":null}},"line":43},"3":{"name":"collectFacebook","decl":{"start":{"line":65,"column":16},"end":{"line":65,"column":32}},"loc":{"start":{"line":65,"column":67},"end":{"line":87,"column":null}},"line":65},"4":{"name":"collectInstagram","decl":{"start":{"line":89,"column":16},"end":{"line":89,"column":33}},"loc":{"start":{"line":89,"column":68},"end":{"line":113,"column":null}},"line":89}},"branchMap":{"0":{"loc":{"start":{"line":56,"column":6},"end":{"line":58,"column":null}},"type":"if","locations":[{"start":{"line":56,"column":6},"end":{"line":58,"column":null}},{"start":{},"end":{}}],"line":56},"1":{"loc":{"start":{"line":56,"column":10},"end":{"line":56,"column":96}},"type":"binary-expr","locations":[{"start":{"line":56,"column":10},"end":{"line":56,"column":30}},{"start":{"line":56,"column":30},"end":{"line":56,"column":51}},{"start":{"line":56,"column":51},"end":{"line":56,"column":63}},{"start":{"line":56,"column":63},"end":{"line":56,"column":96}}],"line":56},"2":{"loc":{"start":{"line":57,"column":37},"end":{"line":57,"column":69}},"type":"binary-expr","locations":[{"start":{"line":57,"column":37},"end":{"line":57,"column":57}},{"start":{"line":57,"column":57},"end":{"line":57,"column":69}}],"line":57},"3":{"loc":{"start":{"line":68,"column":4},"end":{"line":68,"column":null}},"type":"if","locations":[{"start":{"line":68,"column":4},"end":{"line":68,"column":null}},{"start":{},"end":{}}],"line":68},"4":{"loc":{"start":{"line":68,"column":8},"end":{"line":68,"column":27}},"type":"binary-expr","locations":[{"start":{"line":68,"column":8},"end":{"line":68,"column":19}},{"start":{"line":68,"column":19},"end":{"line":68,"column":27}}],"line":68},"5":{"loc":{"start":{"line":78,"column":6},"end":{"line":80,"column":null}},"type":"if","locations":[{"start":{"line":78,"column":6},"end":{"line":80,"column":null}},{"start":{},"end":{}}],"line":78},"6":{"loc":{"start":{"line":78,"column":10},"end":{"line":78,"column":33}},"type":"binary-expr","locations":[{"start":{"line":78,"column":10},"end":{"line":78,"column":21}},{"start":{"line":78,"column":21},"end":{"line":78,"column":33}}],"line":78},"7":{"loc":{"start":{"line":79,"column":37},"end":{"line":79,"column":72}},"type":"binary-expr","locations":[{"start":{"line":79,"column":37},"end":{"line":79,"column":60}},{"start":{"line":79,"column":60},"end":{"line":79,"column":72}}],"line":79},"8":{"loc":{"start":{"line":81,"column":21},"end":{"line":81,"column":null}},"type":"binary-expr","locations":[{"start":{"line":81,"column":21},"end":{"line":81,"column":45}},{"start":{"line":81,"column":45},"end":{"line":81,"column":null}}],"line":81},"9":{"loc":{"start":{"line":82,"column":19},"end":{"line":82,"column":null}},"type":"cond-expr","locations":[{"start":{"line":82,"column":35},"end":{"line":82,"column":69}},{"start":{"line":82,"column":69},"end":{"line":82,"column":null}}],"line":82},"10":{"loc":{"start":{"line":92,"column":4},"end":{"line":92,"column":null}},"type":"if","locations":[{"start":{"line":92,"column":4},"end":{"line":92,"column":null}},{"start":{},"end":{}}],"line":92},"11":{"loc":{"start":{"line":92,"column":8},"end":{"line":92,"column":25}},"type":"binary-expr","locations":[{"start":{"line":92,"column":8},"end":{"line":92,"column":17}},{"start":{"line":92,"column":17},"end":{"line":92,"column":25}}],"line":92},"12":{"loc":{"start":{"line":103,"column":6},"end":{"line":105,"column":null}},"type":"if","locations":[{"start":{"line":103,"column":6},"end":{"line":105,"column":null}},{"start":{},"end":{}}],"line":103},"13":{"loc":{"start":{"line":103,"column":10},"end":{"line":103,"column":63}},"type":"binary-expr","locations":[{"start":{"line":103,"column":10},"end":{"line":103,"column":21}},{"start":{"line":103,"column":21},"end":{"line":103,"column":63}}],"line":103},"14":{"loc":{"start":{"line":104,"column":38},"end":{"line":104,"column":73}},"type":"binary-expr","locations":[{"start":{"line":104,"column":38},"end":{"line":104,"column":61}},{"start":{"line":104,"column":61},"end":{"line":104,"column":73}}],"line":104}},"s":{"0":1,"1":6,"2":6,"3":6,"4":6,"5":6,"6":6,"7":6,"8":6,"9":6,"10":6,"11":6,"12":6,"13":0,"14":6,"15":0,"16":6,"17":6,"18":6,"19":1,"20":5,"21":5,"22":5,"23":5,"24":4,"25":2,"26":2,"27":6,"28":6,"29":3,"30":6,"31":6,"32":6,"33":1,"34":5,"35":5,"36":5,"37":5,"38":4,"39":2,"40":2,"41":3},"f":{"0":6,"1":6,"2":6,"3":6,"4":6},"b":{"0":[0,6],"1":[6,6,6,6],"2":[0,0],"3":[1,5],"4":[6,5],"5":[2,2],"6":[4,3],"7":[2,1],"8":[2,0],"9":[2,0],"10":[1,5],"11":[6,5],"12":[2,2],"13":[4,3],"14":[2,1]},"meta":{"lastBranch":15,"lastFunction":5,"lastStatement":42,"seen":{"s:17:14:17:Infinity":0,"f:26:2:26:14":0,"s:26:22:26:38":1,"f:28:8:28:44":1,"s:29:37:29:Infinity":2,"s:31:4:31:Infinity":3,"s:32:4:32:Infinity":4,"s:33:4:33:Infinity":5,"s:35:38:38:Infinity":6,"s:39:4:39:Infinity":7,"s:40:4:40:Infinity":8,"f:43:16:43:32":2,"s:44:4:62:Infinity":9,"s:45:18:50:Infinity":10,"s:51:19:51:Infinity":11,"b:56:6:58:Infinity:undefined:undefined:undefined:undefined":0,"s:56:6:58:Infinity":12,"b:56:10:56:30:56:30:56:51:56:51:56:63:56:63:56:96":1,"s:57:8:57:Infinity":13,"b:57:37:57:57:57:57:57:69":2,"s:59:6:59:Infinity":14,"s:61:6:61:Infinity":15,"f:65:16:65:32":3,"s:66:19:66:Infinity":16,"s:67:18:67:Infinity":17,"b:68:4:68:Infinity:undefined:undefined:undefined:undefined":3,"s:68:4:68:Infinity":18,"b:68:8:68:19:68:19:68:27":4,"s:68:27:68:Infinity":19,"s:69:4:86:Infinity":20,"s:71:8:72:Infinity":21,"s:73:18:73:Infinity":22,"s:74:20:74:Infinity":23,"b:78:6:80:Infinity:undefined:undefined:undefined:undefined":5,"s:78:6:80:Infinity":24,"b:78:10:78:21:78:21:78:33":6,"s:79:8:79:Infinity":25,"b:79:37:79:60:79:60:79:72":7,"s:81:21:81:Infinity":26,"b:81:21:81:45:81:45:81:Infinity":8,"s:82:19:82:Infinity":27,"b:82:35:82:69:82:69:82:Infinity":9,"s:83:6:83:Infinity":28,"s:85:6:85:Infinity":29,"f:89:16:89:33":4,"s:90:17:90:Infinity":30,"s:91:18:91:Infinity":31,"b:92:4:92:Infinity:undefined:undefined:undefined:undefined":10,"s:92:4:92:Infinity":32,"b:92:8:92:17:92:17:92:25":11,"s:92:25:92:Infinity":33,"s:93:4:112:Infinity":34,"s:95:8:96:Infinity":35,"s:97:18:97:Infinity":36,"s:98:20:98:Infinity":37,"b:103:6:105:Infinity:undefined:undefined:undefined:undefined":12,"s:103:6:105:Infinity":38,"b:103:10:103:21:103:21:103:63":13,"s:104:8:104:Infinity":39,"b:104:38:104:61:104:61:104:73":14,"s:106:6:109:Infinity":40,"s:111:6:111:Infinity":41},"fnNames":{}}}
,"C:\\tool\\opencode\\dcl_X_content_factory\\src\\metrics\\report.ts": {"path":"C:\\tool\\opencode\\dcl_X_content_factory\\src\\metrics\\report.ts","statementMap":{"0":{"start":{"line":5,"column":2},"end":{"line":5,"column":null}},"1":{"start":{"line":9,"column":2},"end":{"line":9,"column":null}},"2":{"start":{"line":9,"column":25},"end":{"line":9,"column":null}},"3":{"start":{"line":10,"column":2},"end":{"line":10,"column":null}},"4":{"start":{"line":10,"column":26},"end":{"line":10,"column":null}},"5":{"start":{"line":11,"column":12},"end":{"line":11,"column":null}},"6":{"start":{"line":12,"column":2},"end":{"line":12,"column":null}},"7":{"start":{"line":12,"column":15},"end":{"line":12,"column":null}},"8":{"start":{"line":13,"column":15},"end":{"line":13,"column":null}},"9":{"start":{"line":14,"column":14},"end":{"line":14,"column":null}},"10":{"start":{"line":15,"column":2},"end":{"line":15,"column":null}},"11":{"start":{"line":18,"column":47},"end":{"line":22,"column":null}},"12":{"start":{"line":25,"column":26},"end":{"line":25,"column":null}},"13":{"start":{"line":26,"column":2},"end":{"line":26,"column":null}},"14":{"start":{"line":26,"column":29},"end":{"line":26,"column":null}},"15":{"start":{"line":27,"column":2},"end":{"line":27,"column":null}},"16":{"start":{"line":27,"column":33},"end":{"line":27,"column":null}},"17":{"start":{"line":28,"column":2},"end":{"line":28,"column":null}},"18":{"start":{"line":28,"column":32},"end":{"line":28,"column":null}},"19":{"start":{"line":29,"column":2},"end":{"line":29,"column":null}},"20":{"start":{"line":29,"column":29},"end":{"line":29,"column":null}},"21":{"start":{"line":30,"column":15},"end":{"line":30,"column":null}},"22":{"start":{"line":31,"column":16},"end":{"line":31,"column":null}},"23":{"start":{"line":32,"column":16},"end":{"line":32,"column":null}},"24":{"start":{"line":33,"column":2},"end":{"line":33,"column":null}},"25":{"start":{"line":42,"column":15},"end":{"line":42,"column":null}},"26":{"start":{"line":43,"column":12},"end":{"line":43,"column":null}},"27":{"start":{"line":45,"column":26},"end":{"line":48,"column":null}},"28":{"start":{"line":50,"column":2},"end":{"line":57,"column":null}},"29":{"start":{"line":51,"column":4},"end":{"line":56,"column":null}},"30":{"start":{"line":58,"column":2},"end":{"line":65,"column":null}},"31":{"start":{"line":59,"column":4},"end":{"line":64,"column":null}},"32":{"start":{"line":66,"column":2},"end":{"line":76,"column":null}},"33":{"start":{"line":67,"column":4},"end":{"line":75,"column":null}},"34":{"start":{"line":78,"column":2},"end":{"line":80,"column":null}},"35":{"start":{"line":79,"column":4},"end":{"line":79,"column":null}},"36":{"start":{"line":82,"column":2},"end":{"line":84,"column":null}},"37":{"start":{"line":83,"column":4},"end":{"line":83,"column":null}},"38":{"start":{"line":86,"column":2},"end":{"line":86,"column":null}}},"fnMap":{"0":{"name":"fmt","decl":{"start":{"line":4,"column":9},"end":{"line":4,"column":13}},"loc":{"start":{"line":4,"column":44},"end":{"line":6,"column":null}},"line":4},"1":{"name":"diff","decl":{"start":{"line":8,"column":9},"end":{"line":8,"column":14}},"loc":{"start":{"line":8,"column":73},"end":{"line":16,"column":null}},"line":8},"2":{"name":"engagementLine","decl":{"start":{"line":24,"column":9},"end":{"line":24,"column":24}},"loc":{"start":{"line":24,"column":51},"end":{"line":34,"column":null}},"line":24},"3":{"name":"buildReport","decl":{"start":{"line":37,"column":16},"end":{"line":37,"column":null}},"loc":{"start":{"line":41,"column":10},"end":{"line":87,"column":null}},"line":41}},"branchMap":{"0":{"loc":{"start":{"line":5,"column":9},"end":{"line":5,"column":null}},"type":"cond-expr","locations":[{"start":{"line":5,"column":27},"end":{"line":5,"column":33}},{"start":{"line":5,"column":33},"end":{"line":5,"column":null}}],"line":5},"1":{"loc":{"start":{"line":9,"column":2},"end":{"line":9,"column":null}},"type":"if","locations":[{"start":{"line":9,"column":2},"end":{"line":9,"column":null}},{"start":{},"end":{}}],"line":9},"2":{"loc":{"start":{"line":10,"column":2},"end":{"line":10,"column":null}},"type":"if","locations":[{"start":{"line":10,"column":2},"end":{"line":10,"column":null}},{"start":{},"end":{}}],"line":10},"3":{"loc":{"start":{"line":12,"column":2},"end":{"line":12,"column":null}},"type":"if","locations":[{"start":{"line":12,"column":2},"end":{"line":12,"column":null}},{"start":{},"end":{}}],"line":12},"4":{"loc":{"start":{"line":13,"column":15},"end":{"line":13,"column":null}},"type":"cond-expr","locations":[{"start":{"line":13,"column":23},"end":{"line":13,"column":29}},{"start":{"line":13,"column":29},"end":{"line":13,"column":null}}],"line":13},"5":{"loc":{"start":{"line":14,"column":14},"end":{"line":14,"column":null}},"type":"cond-expr","locations":[{"start":{"line":14,"column":27},"end":{"line":14,"column":67}},{"start":{"line":14,"column":67},"end":{"line":14,"column":null}}],"line":14},"6":{"loc":{"start":{"line":26,"column":2},"end":{"line":26,"column":null}},"type":"if","locations":[{"start":{"line":26,"column":2},"end":{"line":26,"column":null}},{"start":{},"end":{}}],"line":26},"7":{"loc":{"start":{"line":27,"column":2},"end":{"line":27,"column":null}},"type":"if","locations":[{"start":{"line":27,"column":2},"end":{"line":27,"column":null}},{"start":{},"end":{}}],"line":27},"8":{"loc":{"start":{"line":28,"column":2},"end":{"line":28,"column":null}},"type":"if","locations":[{"start":{"line":28,"column":2},"end":{"line":28,"column":null}},{"start":{},"end":{}}],"line":28},"9":{"loc":{"start":{"line":29,"column":2},"end":{"line":29,"column":null}},"type":"if","locations":[{"start":{"line":29,"column":2},"end":{"line":29,"column":null}},{"start":{},"end":{}}],"line":29},"10":{"loc":{"start":{"line":30,"column":15},"end":{"line":30,"column":null}},"type":"cond-expr","locations":[{"start":{"line":30,"column":30},"end":{"line":30,"column":49}},{"start":{"line":30,"column":49},"end":{"line":30,"column":null}}],"line":30},"11":{"loc":{"start":{"line":31,"column":16},"end":{"line":31,"column":null}},"type":"binary-expr","locations":[{"start":{"line":31,"column":16},"end":{"line":31,"column":46}},{"start":{"line":31,"column":46},"end":{"line":31,"column":null}}],"line":31},"12":{"loc":{"start":{"line":32,"column":16},"end":{"line":32,"column":null}},"type":"cond-expr","locations":[{"start":{"line":32,"column":38},"end":{"line":32,"column":67}},{"start":{"line":32,"column":67},"end":{"line":32,"column":null}}],"line":32},"13":{"loc":{"start":{"line":40,"column":2},"end":{"line":40,"column":null}},"type":"default-arg","locations":[{"start":{"line":40,"column":33},"end":{"line":40,"column":null}}],"line":40},"14":{"loc":{"start":{"line":50,"column":2},"end":{"line":57,"column":null}},"type":"if","locations":[{"start":{"line":50,"column":2},"end":{"line":57,"column":null}},{"start":{},"end":{}}],"line":50},"15":{"loc":{"start":{"line":58,"column":2},"end":{"line":65,"column":null}},"type":"if","locations":[{"start":{"line":58,"column":2},"end":{"line":65,"column":null}},{"start":{},"end":{}}],"line":58},"16":{"loc":{"start":{"line":66,"column":2},"end":{"line":76,"column":null}},"type":"if","locations":[{"start":{"line":66,"column":2},"end":{"line":76,"column":null}},{"start":{},"end":{}}],"line":66},"17":{"loc":{"start":{"line":72,"column":9},"end":{"line":74,"column":null}},"type":"cond-expr","locations":[{"start":{"line":73,"column":12},"end":{"line":73,"column":null}},{"start":{"line":74,"column":12},"end":{"line":74,"column":null}}],"line":72},"18":{"loc":{"start":{"line":78,"column":2},"end":{"line":80,"column":null}},"type":"if","locations":[{"start":{"line":78,"column":2},"end":{"line":80,"column":null}},{"start":{},"end":{}}],"line":78},"19":{"loc":{"start":{"line":78,"column":6},"end":{"line":78,"column":50}},"type":"binary-expr","locations":[{"start":{"line":78,"column":6},"end":{"line":78,"column":21}},{"start":{"line":78,"column":21},"end":{"line":78,"column":36}},{"start":{"line":78,"column":36},"end":{"line":78,"column":50}}],"line":78},"20":{"loc":{"start":{"line":82,"column":2},"end":{"line":84,"column":null}},"type":"if","locations":[{"start":{"line":82,"column":2},"end":{"line":84,"column":null}},{"start":{},"end":{}}],"line":82}},"s":{"0":10,"1":10,"2":0,"3":10,"4":4,"5":6,"6":6,"7":3,"8":3,"9":10,"10":10,"11":1,"12":4,"13":4,"14":3,"15":4,"16":1,"17":4,"18":1,"19":4,"20":1,"21":4,"22":4,"23":4,"24":4,"25":8,"26":8,"27":8,"28":8,"29":7,"30":8,"31":1,"32":8,"33":2,"34":8,"35":1,"36":8,"37":3,"38":8},"f":{"0":10,"1":10,"2":4,"3":8},"b":{"0":[0,10],"1":[0,10],"2":[4,6],"3":[3,3],"4":[3,0],"5":[3,0],"6":[3,1],"7":[1,3],"8":[1,3],"9":[1,3],"10":[3,1],"11":[4,0],"12":[1,3],"13":[8],"14":[7,1],"15":[1,7],"16":[2,6],"17":[1,1],"18":[1,7],"19":[8,1,1],"20":[3,5]},"meta":{"lastBranch":21,"lastFunction":4,"lastStatement":39,"seen":{"f:4:9:4:13":0,"s:5:2:5:Infinity":0,"b:5:27:5:33:5:33:5:Infinity":0,"f:8:9:8:14":1,"b:9:2:9:Infinity:undefined:undefined:undefined:undefined":1,"s:9:2:9:Infinity":1,"s:9:25:9:Infinity":2,"b:10:2:10:Infinity:undefined:undefined:undefined:undefined":2,"s:10:2:10:Infinity":3,"s:10:26:10:Infinity":4,"s:11:12:11:Infinity":5,"b:12:2:12:Infinity:undefined:undefined:undefined:undefined":3,"s:12:2:12:Infinity":6,"s:12:15:12:Infinity":7,"s:13:15:13:Infinity":8,"b:13:23:13:29:13:29:13:Infinity":4,"s:14:14:14:Infinity":9,"b:14:27:14:67:14:67:14:Infinity":5,"s:15:2:15:Infinity":10,"s:18:47:22:Infinity":11,"f:24:9:24:24":2,"s:25:26:25:Infinity":12,"b:26:2:26:Infinity:undefined:undefined:undefined:undefined":6,"s:26:2:26:Infinity":13,"s:26:29:26:Infinity":14,"b:27:2:27:Infinity:undefined:undefined:undefined:undefined":7,"s:27:2:27:Infinity":15,"s:27:33:27:Infinity":16,"b:28:2:28:Infinity:undefined:undefined:undefined:undefined":8,"s:28:2:28:Infinity":17,"s:28:32:28:Infinity":18,"b:29:2:29:Infinity:undefined:undefined:undefined:undefined":9,"s:29:2:29:Infinity":19,"s:29:29:29:Infinity":20,"s:30:15:30:Infinity":21,"b:30:30:30:49:30:49:30:Infinity":10,"s:31:16:31:Infinity":22,"b:31:16:31:46:31:46:31:Infinity":11,"s:32:16:32:Infinity":23,"b:32:38:32:67:32:67:32:Infinity":12,"s:33:2:33:Infinity":24,"f:37:16:37:Infinity":3,"b:40:33:40:Infinity":13,"s:42:15:42:Infinity":25,"s:43:12:43:Infinity":26,"s:45:26:48:Infinity":27,"b:50:2:57:Infinity:undefined:undefined:undefined:undefined":14,"s:50:2:57:Infinity":28,"s:51:4:56:Infinity":29,"b:58:2:65:Infinity:undefined:undefined:undefined:undefined":15,"s:58:2:65:Infinity":30,"s:59:4:64:Infinity":31,"b:66:2:76:Infinity:undefined:undefined:undefined:undefined":16,"s:66:2:76:Infinity":32,"s:67:4:75:Infinity":33,"b:73:12:73:Infinity:74:12:74:Infinity":17,"b:78:2:80:Infinity:undefined:undefined:undefined:undefined":18,"s:78:2:80:Infinity":34,"b:78:6:78:21:78:21:78:36:78:36:78:50":19,"s:79:4:79:Infinity":35,"b:82:2:84:Infinity:undefined:undefined:undefined:undefined":20,"s:82:2:84:Infinity":36,"s:83:4:83:Infinity":37,"s:86:2:86:Infinity":38},"fnNames":{}}}
,"C:\\tool\\opencode\\dcl_X_content_factory\\src\\utils\\logger.ts": {"path":"C:\\tool\\opencode\\dcl_X_content_factory\\src\\utils\\logger.ts","statementMap":{"0":{"start":{"line":1,"column":15},"end":{"line":1,"column":null}},"1":{"start":{"line":4,"column":24},"end":{"line":4,"column":null}},"2":{"start":{"line":7,"column":2},"end":{"line":7,"column":null}},"3":{"start":{"line":11,"column":2},"end":{"line":13,"column":null}},"4":{"start":{"line":12,"column":4},"end":{"line":12,"column":null}},"5":{"start":{"line":14,"column":2},"end":{"line":14,"column":null}},"6":{"start":{"line":18,"column":2},"end":{"line":18,"column":null}},"7":{"start":{"line":18,"column":55},"end":{"line":18,"column":null}},"8":{"start":{"line":19,"column":16},"end":{"line":19,"column":null}},"9":{"start":{"line":20,"column":2},"end":{"line":20,"column":null}},"10":{"start":{"line":23,"column":22},"end":{"line":28,"column":null}},"11":{"start":{"line":24,"column":37},"end":{"line":24,"column":null}},"12":{"start":{"line":25,"column":36},"end":{"line":25,"column":null}},"13":{"start":{"line":26,"column":36},"end":{"line":26,"column":null}},"14":{"start":{"line":27,"column":37},"end":{"line":27,"column":null}}},"fnMap":{"0":{"name":"ts","decl":{"start":{"line":6,"column":9},"end":{"line":6,"column":22}},"loc":{"start":{"line":6,"column":22},"end":{"line":8,"column":null}},"line":6},"1":{"name":"serialize","decl":{"start":{"line":10,"column":9},"end":{"line":10,"column":19}},"loc":{"start":{"line":10,"column":42},"end":{"line":15,"column":null}},"line":10},"2":{"name":"log","decl":{"start":{"line":17,"column":9},"end":{"line":17,"column":13}},"loc":{"start":{"line":17,"column":62},"end":{"line":21,"column":null}},"line":17},"3":{"name":"(anonymous_3)","decl":{"start":{"line":24,"column":2},"end":{"line":24,"column":10}},"loc":{"start":{"line":24,"column":37},"end":{"line":24,"column":null}},"line":24},"4":{"name":"(anonymous_4)","decl":{"start":{"line":25,"column":2},"end":{"line":25,"column":9}},"loc":{"start":{"line":25,"column":36},"end":{"line":25,"column":null}},"line":25},"5":{"name":"(anonymous_5)","decl":{"start":{"line":26,"column":2},"end":{"line":26,"column":9}},"loc":{"start":{"line":26,"column":36},"end":{"line":26,"column":null}},"line":26},"6":{"name":"(anonymous_6)","decl":{"start":{"line":27,"column":2},"end":{"line":27,"column":10}},"loc":{"start":{"line":27,"column":37},"end":{"line":27,"column":null}},"line":27}},"branchMap":{"0":{"loc":{"start":{"line":4,"column":24},"end":{"line":4,"column":null}},"type":"binary-expr","locations":[{"start":{"line":4,"column":24},"end":{"line":4,"column":59}},{"start":{"line":4,"column":59},"end":{"line":4,"column":null}}],"line":4},"1":{"loc":{"start":{"line":11,"column":2},"end":{"line":13,"column":null}},"type":"if","locations":[{"start":{"line":11,"column":2},"end":{"line":13,"column":null}},{"start":{},"end":{}}],"line":11},"2":{"loc":{"start":{"line":18,"column":2},"end":{"line":18,"column":null}},"type":"if","locations":[{"start":{"line":18,"column":2},"end":{"line":18,"column":null}},{"start":{},"end":{}}],"line":18},"3":{"loc":{"start":{"line":19,"column":16},"end":{"line":19,"column":null}},"type":"cond-expr","locations":[{"start":{"line":19,"column":37},"end":{"line":19,"column":61}},{"start":{"line":19,"column":61},"end":{"line":19,"column":null}}],"line":19},"4":{"loc":{"start":{"line":20,"column":10},"end":{"line":20,"column":44}},"type":"cond-expr","locations":[{"start":{"line":20,"column":30},"end":{"line":20,"column":38}},{"start":{"line":20,"column":38},"end":{"line":20,"column":44}}],"line":20}},"s":{"0":4,"1":4,"2":32,"3":32,"4":11,"5":21,"6":32,"7":0,"8":32,"9":32,"10":4,"11":0,"12":21,"13":11,"14":0},"f":{"0":32,"1":32,"2":32,"3":0,"4":21,"5":11,"6":0},"b":{"0":[4,4],"1":[11,21],"2":[0,32],"3":[32,0],"4":[0,32]},"meta":{"lastBranch":5,"lastFunction":7,"lastStatement":15,"seen":{"s:1:15:1:Infinity":0,"s:4:24:4:Infinity":1,"b:4:24:4:59:4:59:4:Infinity":0,"f:6:9:6:22":0,"s:7:2:7:Infinity":2,"f:10:9:10:19":1,"b:11:2:13:Infinity:undefined:undefined:undefined:undefined":1,"s:11:2:13:Infinity":3,"s:12:4:12:Infinity":4,"s:14:2:14:Infinity":5,"f:17:9:17:13":2,"b:18:2:18:Infinity:undefined:undefined:undefined:undefined":2,"s:18:2:18:Infinity":6,"s:18:55:18:Infinity":7,"s:19:16:19:Infinity":8,"b:19:37:19:61:19:61:19:Infinity":3,"s:20:2:20:Infinity":9,"b:20:30:20:38:20:38:20:44":4,"s:23:22:28:Infinity":10,"f:24:2:24:10":3,"s:24:37:24:Infinity":11,"f:25:2:25:9":4,"s:25:36:25:Infinity":12,"f:26:2:26:9":5,"s:26:36:26:Infinity":13,"f:27:2:27:10":6,"s:27:37:27:Infinity":14},"fnNames":{}}}
}
